<?xml version="1.0" encoding="UTF-8"?>
<testsuite name="MinesweeperTest" tests="1" skipped="0" failures="0" errors="0" timestamp="2020-01-12T23:25:08" hostname="C02VH01MHV2V" time="1.364">
  <properties/>
  <testcase name="start" classname="MinesweeperTest" time="1.364"/>
  <system-out><![CDATA[?[1;31m
Start test 1?[0m
How many mines do you want on the field?
>1
 |123456789|
-|---------|
1|.........|
2|.........|
3|.........|
4|.........|
5|.........|
6|.........|
7|.........|
8|.........|
9|.........|
-|---------|
Set/delete mines marks (x and y coordinates):
>3 8 free
 |123456789|
-|---------|
1|..1//////|
2|111//////|
3|/////////|
4|/////////|
5|/////////|
6|/////////|
7|/////////|
8|/////////|
9|/////////|
-|---------|
Set/delete mines marks (x and y coordinates):
>2 1 mine
 |123456789|
-|---------|
1|.*1//////|
2|111//////|
3|/////////|
4|/////////|
5|/////////|
6|/////////|
7|/////////|
8|/////////|
9|/////////|
-|---------|
Congratulations! You found all mines!
?[1;31m
Start test 2?[0m
How many mines do you want on the field?
>1
 |123456789|
-|---------|
1|.........|
2|.........|
3|.........|
4|.........|
5|.........|
6|.........|
7|.........|
8|.........|
9|.........|
-|---------|
Set/delete mines marks (x and y coordinates):
>7 5 free
 |123456789|
-|---------|
1|/////////|
2|///111///|
3|///1.1///|
4|///111///|
5|/////////|
6|/////////|
7|/////////|
8|/////////|
9|/////////|
-|---------|
Set/delete mines marks (x and y coordinates):
>5 3 mine
 |123456789|
-|---------|
1|/////////|
2|///111///|
3|///1*1///|
4|///111///|
5|/////////|
6|/////////|
7|/////////|
8|/////////|
9|/////////|
-|---------|
Congratulations! You found all mines!
?[1;31m
Start test 3?[0m
How many mines do you want on the field?
>1
 |123456789|
-|---------|
1|.........|
2|.........|
3|.........|
4|.........|
5|.........|
6|.........|
7|.........|
8|.........|
9|.........|
-|---------|
Set/delete mines marks (x and y coordinates):
>6 9 free
 |123456789|
-|---------|
1|//1.1////|
2|//111////|
3|/////////|
4|/////////|
5|/////////|
6|/////////|
7|/////////|
8|/////////|
9|/////////|
-|---------|
Set/delete mines marks (x and y coordinates):
>4 1 mine
 |123456789|
-|---------|
1|//1*1////|
2|//111////|
3|/////////|
4|/////////|
5|/////////|
6|/////////|
7|/////////|
8|/////////|
9|/////////|
-|---------|
Congratulations! You found all mines!
?[1;31m
Start test 4?[0m
How many mines do you want on the field?
>1
 |123456789|
-|---------|
1|.........|
2|.........|
3|.........|
4|.........|
5|.........|
6|.........|
7|.........|
8|.........|
9|.........|
-|---------|
Set/delete mines marks (x and y coordinates):
>1 9 free
 |123456789|
-|---------|
1|/////////|
2|/////////|
3|/////////|
4|/////////|
5|/////////|
6|/////////|
7|/////////|
8|/////111/|
9|/////1.1/|
-|---------|
Set/delete mines marks (x and y coordinates):
>7 9 mine
 |123456789|
-|---------|
1|/////////|
2|/////////|
3|/////////|
4|/////////|
5|/////////|
6|/////////|
7|/////////|
8|/////111/|
9|/////1*1/|
-|---------|
Congratulations! You found all mines!
?[1;31m
Start test 5?[0m
How many mines do you want on the field?
>1
 |123456789|
-|---------|
1|.........|
2|.........|
3|.........|
4|.........|
5|.........|
6|.........|
7|.........|
8|.........|
9|.........|
-|---------|
Set/delete mines marks (x and y coordinates):
>3 9 free
 |123456789|
-|---------|
1|/////////|
2|/////////|
3|/////////|
4|/////////|
5|/////////|
6|///111///|
7|///1.1///|
8|///111///|
9|/////////|
-|---------|
Set/delete mines marks (x and y coordinates):
>5 7 free
 |123456789|
-|---------|
1|/////////|
2|/////////|
3|/////////|
4|/////////|
5|/////////|
6|///111///|
7|///1X1///|
8|///111///|
9|/////////|
-|---------|
You stepped on a mine and failed!
?[1;31m
Start test 6?[0m
How many mines do you want on the field?
>1
 |123456789|
-|---------|
1|.........|
2|.........|
3|.........|
4|.........|
5|.........|
6|.........|
7|.........|
8|.........|
9|.........|
-|---------|
Set/delete mines marks (x and y coordinates):
>1 3 free
 |123456789|
-|---------|
1|/////////|
2|/////////|
3|/////////|
4|/////////|
5|/////////|
6|/////////|
7|/////111/|
8|/////1.1/|
9|/////1.1/|
-|---------|
Set/delete mines marks (x and y coordinates):
>7 8 free
 |123456789|
-|---------|
1|/////////|
2|/////////|
3|/////////|
4|/////////|
5|/////////|
6|/////////|
7|/////111/|
8|/////1X1/|
9|/////1.1/|
-|---------|
You stepped on a mine and failed!
?[1;31m
Start test 7?[0m
How many mines do you want on the field?
>1
 |123456789|
-|---------|
1|.........|
2|.........|
3|.........|
4|.........|
5|.........|
6|.........|
7|.........|
8|.........|
9|.........|
-|---------|
Set/delete mines marks (x and y coordinates):
>8 7 free
 |123456789|
-|---------|
1|/////////|
2|/////////|
3|/111/////|
4|/1.1/////|
5|/111/////|
6|/////////|
7|/////////|
8|/////////|
9|/////////|
-|---------|
Set/delete mines marks (x and y coordinates):
>3 4 mine
 |123456789|
-|---------|
1|/////////|
2|/////////|
3|/111/////|
4|/1*1/////|
5|/111/////|
6|/////////|
7|/////////|
8|/////////|
9|/////////|
-|---------|
Congratulations! You found all mines!
?[1;31m
Start test 8?[0m
How many mines do you want on the field?
>1
 |123456789|
-|---------|
1|.........|
2|.........|
3|.........|
4|.........|
5|.........|
6|.........|
7|.........|
8|.........|
9|.........|
-|---------|
Set/delete mines marks (x and y coordinates):
>1 5 free
 |123456789|
-|---------|
1|///1.1///|
2|///111///|
3|/////////|
4|/////////|
5|/////////|
6|/////////|
7|/////////|
8|/////////|
9|/////////|
-|---------|
Set/delete mines marks (x and y coordinates):
>5 1 mine
 |123456789|
-|---------|
1|///1*1///|
2|///111///|
3|/////////|
4|/////////|
5|/////////|
6|/////////|
7|/////////|
8|/////////|
9|/////////|
-|---------|
Congratulations! You found all mines!
?[1;31m
Start test 9?[0m
How many mines do you want on the field?
>1
 |123456789|
-|---------|
1|.........|
2|.........|
3|.........|
4|.........|
5|.........|
6|.........|
7|.........|
8|.........|
9|.........|
-|---------|
Set/delete mines marks (x and y coordinates):
>4 7 mine
 |123456789|
-|---------|
1|.........|
2|.........|
3|.........|
4|.........|
5|.........|
6|.........|
7|...*.....|
8|.........|
9|.........|
-|---------|
Set/delete mines marks (x and y coordinates):
>9 9 free
 |123456789|
-|---------|
1|.1///////|
2|11///////|
3|/////////|
4|/////////|
5|/////////|
6|/////////|
7|/////////|
8|/////////|
9|/////////|
-|---------|
Set/delete mines marks (x and y coordinates):
>1 1 free
 |123456789|
-|---------|
1|X1///////|
2|11///////|
3|/////////|
4|/////////|
5|/////////|
6|/////////|
7|/////////|
8|/////////|
9|/////////|
-|---------|
You stepped on a mine and failed!
?[1;31m
Start test 10?[0m
How many mines do you want on the field?
>1
 |123456789|
-|---------|
1|.........|
2|.........|
3|.........|
4|.........|
5|.........|
6|.........|
7|.........|
8|.........|
9|.........|
-|---------|
Set/delete mines marks (x and y coordinates):
>1 2 free
 |123456789|
-|---------|
1|/////////|
2|/////////|
3|/////////|
4|///111///|
5|///1.1///|
6|///111///|
7|/////////|
8|/////////|
9|/////////|
-|---------|
Set/delete mines marks (x and y coordinates):
>5 5 free
 |123456789|
-|---------|
1|/////////|
2|/////////|
3|/////////|
4|///111///|
5|///1X1///|
6|///111///|
7|/////////|
8|/////////|
9|/////////|
-|---------|
You stepped on a mine and failed!
?[1;31m
Start test 11?[0m
How many mines do you want on the field?
>1
 |123456789|
-|---------|
1|.........|
2|.........|
3|.........|
4|.........|
5|.........|
6|.........|
7|.........|
8|.........|
9|.........|
-|---------|
Set/delete mines marks (x and y coordinates):
>3 4 mine
 |123456789|
-|---------|
1|.........|
2|.........|
3|.........|
4|..*......|
5|.........|
6|.........|
7|.........|
8|.........|
9|.........|
-|---------|
Set/delete mines marks (x and y coordinates):
>4 1 free
 |123456789|
-|---------|
1|/////////|
2|/111/////|
3|/1.1/////|
4|/111/////|
5|/////////|
6|/////////|
7|/////////|
8|/////////|
9|/////////|
-|---------|
Set/delete mines marks (x and y coordinates):
>3 3 free
 |123456789|
-|---------|
1|/////////|
2|/111/////|
3|/1X1/////|
4|/111/////|
5|/////////|
6|/////////|
7|/////////|
8|/////////|
9|/////////|
-|---------|
You stepped on a mine and failed!
?[1;31m
Start test 12?[0m
How many mines do you want on the field?
>1
 |123456789|
-|---------|
1|.........|
2|.........|
3|.........|
4|.........|
5|.........|
6|.........|
7|.........|
8|.........|
9|.........|
-|---------|
Set/delete mines marks (x and y coordinates):
>1 5 mine
 |123456789|
-|---------|
1|.........|
2|.........|
3|.........|
4|.........|
5|*........|
6|.........|
7|.........|
8|.........|
9|.........|
-|---------|
Set/delete mines marks (x and y coordinates):
>4 1 mine
 |123456789|
-|---------|
1|...*.....|
2|.........|
3|.........|
4|.........|
5|*........|
6|.........|
7|.........|
8|.........|
9|.........|
-|---------|
Set/delete mines marks (x and y coordinates):
>5 7 free
 |123456789|
-|---------|
1|/////////|
2|/////////|
3|/////////|
4|/////////|
5|/////////|
6|/////////|
7|/////////|
8|/111/////|
9|/1.1/////|
-|---------|
Set/delete mines marks (x and y coordinates):
>3 9 free
 |123456789|
-|---------|
1|/////////|
2|/////////|
3|/////////|
4|/////////|
5|/////////|
6|/////////|
7|/////////|
8|/111/////|
9|/1X1/////|
-|---------|
You stepped on a mine and failed!
?[1;31m
Start test 13?[0m
How many mines do you want on the field?
>1
 |123456789|
-|---------|
1|.........|
2|.........|
3|.........|
4|.........|
5|.........|
6|.........|
7|.........|
8|.........|
9|.........|
-|---------|
Set/delete mines marks (x and y coordinates):
>7 9 mine
 |123456789|
-|---------|
1|.........|
2|.........|
3|.........|
4|.........|
5|.........|
6|.........|
7|.........|
8|.........|
9|......*..|
-|---------|
Set/delete mines marks (x and y coordinates):
>8 1 mine
 |123456789|
-|---------|
1|.......*.|
2|.........|
3|.........|
4|.........|
5|.........|
6|.........|
7|.........|
8|.........|
9|......*..|
-|---------|
Set/delete mines marks (x and y coordinates):
>8 1 mine
 |123456789|
-|---------|
1|.........|
2|.........|
3|.........|
4|.........|
5|.........|
6|.........|
7|.........|
8|.........|
9|......*..|
-|---------|
Set/delete mines marks (x and y coordinates):
>3 1 free
 |123456789|
-|---------|
1|/////////|
2|/////////|
3|111//////|
4|..1//////|
5|111//////|
6|/////////|
7|/////////|
8|/////////|
9|/////////|
-|---------|
Set/delete mines marks (x and y coordinates):
>1 4 free
 |123456789|
-|---------|
1|/////////|
2|/////////|
3|111//////|
4|1.1//////|
5|111//////|
6|/////////|
7|/////////|
8|/////////|
9|/////////|
-|---------|
Set/delete mines marks (x and y coordinates):
>2 4 free
 |123456789|
-|---------|
1|/////////|
2|/////////|
3|111//////|
4|1X1//////|
5|111//////|
6|/////////|
7|/////////|
8|/////////|
9|/////////|
-|---------|
You stepped on a mine and failed!
?[1;31m
Start test 14?[0m
How many mines do you want on the field?
>1
 |123456789|
-|---------|
1|.........|
2|.........|
3|.........|
4|.........|
5|.........|
6|.........|
7|.........|
8|.........|
9|.........|
-|---------|
Set/delete mines marks (x and y coordinates):
>7 8 free
 |123456789|
-|---------|
1|/////////|
2|/////////|
3|/////////|
4|/////////|
5|/////////|
6|/////////|
7|/////////|
8|11///////|
9|.1///////|
-|---------|
Set/delete mines marks (x and y coordinates):
>1 9 free
 |123456789|
-|---------|
1|/////////|
2|/////////|
3|/////////|
4|/////////|
5|/////////|
6|/////////|
7|/////////|
8|11///////|
9|X1///////|
-|---------|
You stepped on a mine and failed!
?[1;31m
Start test 15?[0m
How many mines do you want on the field?
>1
 |123456789|
-|---------|
1|.........|
2|.........|
3|.........|
4|.........|
5|.........|
6|.........|
7|.........|
8|.........|
9|.........|
-|---------|
Set/delete mines marks (x and y coordinates):
>3 9 free
 |123456789|
-|---------|
1|/////////|
2|/////////|
3|/////////|
4|/////////|
5|/////////|
6|/////////|
7|/////////|
8|11///////|
9|.1///////|
-|---------|
Set/delete mines marks (x and y coordinates):
>1 9 mine
 |123456789|
-|---------|
1|/////////|
2|/////////|
3|/////////|
4|/////////|
5|/////////|
6|/////////|
7|/////////|
8|11///////|
9|*1///////|
-|---------|
Congratulations! You found all mines!
?[1;31m
Start test 16?[0m
How many mines do you want on the field?
>1
 |123456789|
-|---------|
1|.........|
2|.........|
3|.........|
4|.........|
5|.........|
6|.........|
7|.........|
8|.........|
9|.........|
-|---------|
Set/delete mines marks (x and y coordinates):
>8 6 mine
 |123456789|
-|---------|
1|.........|
2|.........|
3|.........|
4|.........|
5|.........|
6|.......*.|
7|.........|
8|.........|
9|.........|
-|---------|
Set/delete mines marks (x and y coordinates):
>7 5 mine
 |123456789|
-|---------|
1|.........|
2|.........|
3|.........|
4|.........|
5|......*..|
6|.......*.|
7|.........|
8|.........|
9|.........|
-|---------|
Set/delete mines marks (x and y coordinates):
>5 1 free
 |123456789|
-|---------|
1|/////////|
2|11///////|
3|.1///////|
4|11///////|
5|/////////|
6|/////////|
7|/////////|
8|/////////|
9|/////////|
-|---------|
Set/delete mines marks (x and y coordinates):
>1 3 mine
 |123456789|
-|---------|
1|/////////|
2|11///////|
3|*1///////|
4|11///////|
5|/////////|
6|/////////|
7|/////////|
8|/////////|
9|/////////|
-|---------|
Congratulations! You found all mines!
?[1;31m
Start test 17?[0m
How many mines do you want on the field?
>1
 |123456789|
-|---------|
1|.........|
2|.........|
3|.........|
4|.........|
5|.........|
6|.........|
7|.........|
8|.........|
9|.........|
-|---------|
Set/delete mines marks (x and y coordinates):
>1 7 free
 |123456789|
-|---------|
1|//1.1////|
2|//111////|
3|/////////|
4|/////////|
5|/////////|
6|/////////|
7|/////////|
8|/////////|
9|/////////|
-|---------|
Set/delete mines marks (x and y coordinates):
>4 1 free
 |123456789|
-|---------|
1|//1X1////|
2|//111////|
3|/////////|
4|/////////|
5|/////////|
6|/////////|
7|/////////|
8|/////////|
9|/////////|
-|---------|
You stepped on a mine and failed!
?[1;31m
Start test 18?[0m
How many mines do you want on the field?
>1
 |123456789|
-|---------|
1|.........|
2|.........|
3|.........|
4|.........|
5|.........|
6|.........|
7|.........|
8|.........|
9|.........|
-|---------|
Set/delete mines marks (x and y coordinates):
>5 6 free
 |123456789|
-|---------|
1|.1///////|
2|.1///////|
3|11///////|
4|/////////|
5|/////////|
6|/////////|
7|/////////|
8|/////////|
9|/////////|
-|---------|
Set/delete mines marks (x and y coordinates):
>1 1 free
 |123456789|
-|---------|
1|11///////|
2|.1///////|
3|11///////|
4|/////////|
5|/////////|
6|/////////|
7|/////////|
8|/////////|
9|/////////|
-|---------|
Set/delete mines marks (x and y coordinates):
>1 2 free
 |123456789|
-|---------|
1|11///////|
2|X1///////|
3|11///////|
4|/////////|
5|/////////|
6|/////////|
7|/////////|
8|/////////|
9|/////////|
-|---------|
You stepped on a mine and failed!
?[1;31m
Start test 19?[0m
How many mines do you want on the field?
>1
 |123456789|
-|---------|
1|.........|
2|.........|
3|.........|
4|.........|
5|.........|
6|.........|
7|.........|
8|.........|
9|.........|
-|---------|
Set/delete mines marks (x and y coordinates):
>4 6 mine
 |123456789|
-|---------|
1|.........|
2|.........|
3|.........|
4|.........|
5|.........|
6|...*.....|
7|.........|
8|.........|
9|.........|
-|---------|
Set/delete mines marks (x and y coordinates):
>3 4 mine
 |123456789|
-|---------|
1|.........|
2|.........|
3|.........|
4|..*......|
5|.........|
6|...*.....|
7|.........|
8|.........|
9|.........|
-|---------|
Set/delete mines marks (x and y coordinates):
>5 9 free
 |123456789|
-|---------|
1|///1.1///|
2|///1.1///|
3|///111///|
4|/////////|
5|/////////|
6|/////////|
7|/////////|
8|/////////|
9|/////////|
-|---------|
Set/delete mines marks (x and y coordinates):
>5 1 free
 |123456789|
-|---------|
1|///111///|
2|///1.1///|
3|///111///|
4|/////////|
5|/////////|
6|/////////|
7|/////////|
8|/////////|
9|/////////|
-|---------|
Set/delete mines marks (x and y coordinates):
>5 2 free
 |123456789|
-|---------|
1|///111///|
2|///1X1///|
3|///111///|
4|/////////|
5|/////////|
6|/////////|
7|/////////|
8|/////////|
9|/////////|
-|---------|
You stepped on a mine and failed!
?[1;31m
Start test 20?[0m
How many mines do you want on the field?
>1
 |123456789|
-|---------|
1|.........|
2|.........|
3|.........|
4|.........|
5|.........|
6|.........|
7|.........|
8|.........|
9|.........|
-|---------|
Set/delete mines marks (x and y coordinates):
>2 5 mine
 |123456789|
-|---------|
1|.........|
2|.........|
3|.........|
4|.........|
5|.*.......|
6|.........|
7|.........|
8|.........|
9|.........|
-|---------|
Set/delete mines marks (x and y coordinates):
>4 7 free
 |123456789|
-|---------|
1|/////////|
2|/////////|
3|//111////|
4|//1.1////|
5|//111////|
6|/////////|
7|/////////|
8|/////////|
9|/////////|
-|---------|
Set/delete mines marks (x and y coordinates):
>4 4 free
 |123456789|
-|---------|
1|/////////|
2|/////////|
3|//111////|
4|//1X1////|
5|//111////|
6|/////////|
7|/////////|
8|/////////|
9|/////////|
-|---------|
You stepped on a mine and failed!
?[1;31m
Start test 21?[0m
How many mines do you want on the field?
>2
 |123456789|
-|---------|
1|.........|
2|.........|
3|.........|
4|.........|
5|.........|
6|.........|
7|.........|
8|.........|
9|.........|
-|---------|
Set/delete mines marks (x and y coordinates):
>2 1 free
 |123456789|
-|---------|
1|/1.1/////|
2|/111/////|
3|/////////|
4|/////////|
5|/////////|
6|/////////|
7|//111////|
8|//1.1////|
9|//1.1////|
-|---------|
Set/delete mines marks (x and y coordinates):
>4 9 free
 |123456789|
-|---------|
1|/1.1/////|
2|/111/////|
3|/////////|
4|/////////|
5|/////////|
6|/////////|
7|//111////|
8|//1.1////|
9|//111////|
-|---------|
Set/delete mines marks (x and y coordinates):
>3 1 free
 |123456789|
-|---------|
1|/1X1/////|
2|/111/////|
3|/////////|
4|/////////|
5|/////////|
6|/////////|
7|//111////|
8|//1X1////|
9|//111////|
-|---------|
You stepped on a mine and failed!
?[1;31m
Start test 22?[0m
How many mines do you want on the field?
>2
 |123456789|
-|---------|
1|.........|
2|.........|
3|.........|
4|.........|
5|.........|
6|.........|
7|.........|
8|.........|
9|.........|
-|---------|
Set/delete mines marks (x and y coordinates):
>1 4 free
 |123456789|
-|---------|
1|/////////|
2|/////////|
3|/////////|
4|/////////|
5|/////////|
6|/////111/|
7|/////1.21|
8|/////12..|
9|//////1..|
-|---------|
Set/delete mines marks (x and y coordinates):
>7 7 free
 |123456789|
-|---------|
1|/////////|
2|/////////|
3|/////////|
4|/////////|
5|/////////|
6|/////111/|
7|/////1X21|
8|/////12X.|
9|//////1..|
-|---------|
You stepped on a mine and failed!
?[1;31m
Start test 23?[0m
How many mines do you want on the field?
>2
 |123456789|
-|---------|
1|.........|
2|.........|
3|.........|
4|.........|
5|.........|
6|.........|
7|.........|
8|.........|
9|.........|
-|---------|
Set/delete mines marks (x and y coordinates):
>7 9 free
 |123456789|
-|---------|
1|/////////|
2|/////////|
3|/////////|
4|/////////|
5|//111////|
6|//1.21///|
7|//12.1///|
8|///111///|
9|/////////|
-|---------|
Set/delete mines marks (x and y coordinates):
>4 6 mine
 |123456789|
-|---------|
1|/////////|
2|/////////|
3|/////////|
4|/////////|
5|//111////|
6|//1*21///|
7|//12.1///|
8|///111///|
9|/////////|
-|---------|
Set/delete mines marks (x and y coordinates):
>5 7 free
 |123456789|
-|---------|
1|/////////|
2|/////////|
3|/////////|
4|/////////|
5|//111////|
6|//1X21///|
7|//12X1///|
8|///111///|
9|/////////|
-|---------|
You stepped on a mine and failed!
?[1;31m
Start test 24?[0m
How many mines do you want on the field?
>2
 |123456789|
-|---------|
1|.........|
2|.........|
3|.........|
4|.........|
5|.........|
6|.........|
7|.........|
8|.........|
9|.........|
-|---------|
Set/delete mines marks (x and y coordinates):
>3 9 mine
 |123456789|
-|---------|
1|.........|
2|.........|
3|.........|
4|.........|
5|.........|
6|.........|
7|.........|
8|.........|
9|..*......|
-|---------|
Set/delete mines marks (x and y coordinates):
>5 8 mine
 |123456789|
-|---------|
1|.........|
2|.........|
3|.........|
4|.........|
5|.........|
6|.........|
7|.........|
8|....*....|
9|..*......|
-|---------|
Set/delete mines marks (x and y coordinates):
>4 5 mine
 |123456789|
-|---------|
1|.........|
2|.........|
3|.........|
4|.........|
5|...*.....|
6|.........|
7|.........|
8|....*....|
9|..*......|
-|---------|
Set/delete mines marks (x and y coordinates):
>4 1 free
 |123456789|
-|---------|
1|/////////|
2|/////////|
3|/////////|
4|///111///|
5|///1.1///|
6|///111///|
7|/////////|
8|11///////|
9|.1///////|
-|---------|
Set/delete mines marks (x and y coordinates):
>1 9 free
 |123456789|
-|---------|
1|/////////|
2|/////////|
3|/////////|
4|///111///|
5|///1X1///|
6|///111///|
7|/////////|
8|11///////|
9|X1///////|
-|---------|
You stepped on a mine and failed!
?[1;31m
Start test 25?[0m
How many mines do you want on the field?
>2
 |123456789|
-|---------|
1|.........|
2|.........|
3|.........|
4|.........|
5|.........|
6|.........|
7|.........|
8|.........|
9|.........|
-|---------|
Set/delete mines marks (x and y coordinates):
>2 7 free
 |123456789|
-|---------|
1|/////////|
2|/////////|
3|/////////|
4|/////////|
5|/////////|
6|/////////|
7|////11111|
8|////1....|
9|////1....|
-|---------|
Set/delete mines marks (x and y coordinates):
>9 8 free
 |123456789|
-|---------|
1|/////////|
2|/////////|
3|/////////|
4|/////////|
5|/////////|
6|/////////|
7|////11111|
8|////1X..X|
9|////1....|
-|---------|
You stepped on a mine and failed!
?[1;31m
Start test 26?[0m
How many mines do you want on the field?
>2
 |123456789|
-|---------|
1|.........|
2|.........|
3|.........|
4|.........|
5|.........|
6|.........|
7|.........|
8|.........|
9|.........|
-|---------|
Set/delete mines marks (x and y coordinates):
>4 9 mine
 |123456789|
-|---------|
1|.........|
2|.........|
3|.........|
4|.........|
5|.........|
6|.........|
7|.........|
8|.........|
9|...*.....|
-|---------|
Set/delete mines marks (x and y coordinates):
>6 4 free
 |123456789|
-|---------|
1|..1//////|
2|..1//////|
3|111//////|
4|//111////|
5|//1.1////|
6|//111////|
7|/////////|
8|/////////|
9|/////////|
-|---------|
Set/delete mines marks (x and y coordinates):
>1 1 mine
 |123456789|
-|---------|
1|*.1//////|
2|..1//////|
3|111//////|
4|//111////|
5|//1.1////|
6|//111////|
7|/////////|
8|/////////|
9|/////////|
-|---------|
Set/delete mines marks (x and y coordinates):
>1 1 mine
 |123456789|
-|---------|
1|..1//////|
2|..1//////|
3|111//////|
4|//111////|
5|//1.1////|
6|//111////|
7|/////////|
8|/////////|
9|/////////|
-|---------|
Set/delete mines marks (x and y coordinates):
>4 5 free
 |123456789|
-|---------|
1|..1//////|
2|.X1//////|
3|111//////|
4|//111////|
5|//1X1////|
6|//111////|
7|/////////|
8|/////////|
9|/////////|
-|---------|
You stepped on a mine and failed!
?[1;31m
Start test 27?[0m
How many mines do you want on the field?
>2
 |123456789|
-|---------|
1|.........|
2|.........|
3|.........|
4|.........|
5|.........|
6|.........|
7|.........|
8|.........|
9|.........|
-|---------|
Set/delete mines marks (x and y coordinates):
>1 6 mine
 |123456789|
-|---------|
1|.........|
2|.........|
3|.........|
4|.........|
5|.........|
6|*........|
7|.........|
8|.........|
9|.........|
-|---------|
Set/delete mines marks (x and y coordinates):
>9 9 free
 |123456789|
-|---------|
1|/////////|
2|/////////|
3|/////////|
4|/////////|
5|/////////|
6|/////111/|
7|/////1.1/|
8|/111/111/|
9|/1.1/////|
-|---------|
Set/delete mines marks (x and y coordinates):
>3 9 free
 |123456789|
-|---------|
1|/////////|
2|/////////|
3|/////////|
4|/////////|
5|/////////|
6|/////111/|
7|/////1X1/|
8|/111/111/|
9|/1X1/////|
-|---------|
You stepped on a mine and failed!
?[1;31m
Start test 28?[0m
How many mines do you want on the field?
>2
 |123456789|
-|---------|
1|.........|
2|.........|
3|.........|
4|.........|
5|.........|
6|.........|
7|.........|
8|.........|
9|.........|
-|---------|
Set/delete mines marks (x and y coordinates):
>2 8 free
 |123456789|
-|---------|
1|/////////|
2|/////////|
3|/////////|
4|/////////|
5|/////////|
6|///////11|
7|/////112.|
8|/////1...|
9|/////1...|
-|---------|
Set/delete mines marks (x and y coordinates):
>7 8 free
 |123456789|
-|---------|
1|/////////|
2|/////////|
3|/////////|
4|/////////|
5|/////////|
6|///////11|
7|/////112X|
8|/////1X..|
9|/////1...|
-|---------|
You stepped on a mine and failed!
?[1;31m
Start test 29?[0m
How many mines do you want on the field?
>2
 |123456789|
-|---------|
1|.........|
2|.........|
3|.........|
4|.........|
5|.........|
6|.........|
7|.........|
8|.........|
9|.........|
-|---------|
Set/delete mines marks (x and y coordinates):
>7 3 free
 |123456789|
-|---------|
1|/////////|
2|11///////|
3|.1///////|
4|11///////|
5|/////////|
6|/////////|
7|/////111/|
8|/////1.1/|
9|/////1.1/|
-|---------|
Set/delete mines marks (x and y coordinates):
>7 9 mine
 |123456789|
-|---------|
1|/////////|
2|11///////|
3|.1///////|
4|11///////|
5|/////////|
6|/////////|
7|/////111/|
8|/////1.1/|
9|/////1*1/|
-|---------|
Set/delete mines marks (x and y coordinates):
>7 8 mine
 |123456789|
-|---------|
1|/////////|
2|11///////|
3|.1///////|
4|11///////|
5|/////////|
6|/////////|
7|/////111/|
8|/////1*1/|
9|/////1*1/|
-|---------|
Set/delete mines marks (x and y coordinates):
>1 3 free
 |123456789|
-|---------|
1|/////////|
2|11///////|
3|X1///////|
4|11///////|
5|/////////|
6|/////////|
7|/////111/|
8|/////1X1/|
9|/////1*1/|
-|---------|
You stepped on a mine and failed!
?[1;31m
Start test 30?[0m
How many mines do you want on the field?
>2
 |123456789|
-|---------|
1|.........|
2|.........|
3|.........|
4|.........|
5|.........|
6|.........|
7|.........|
8|.........|
9|.........|
-|---------|
Set/delete mines marks (x and y coordinates):
>7 1 mine
 |123456789|
-|---------|
1|......*..|
2|.........|
3|.........|
4|.........|
5|.........|
6|.........|
7|.........|
8|.........|
9|.........|
-|---------|
Set/delete mines marks (x and y coordinates):
>6 3 free
 |123456789|
-|---------|
1|/////////|
2|11///111/|
3|.1///1.1/|
4|11///111/|
5|/////////|
6|/////////|
7|/////////|
8|/////////|
9|/////////|
-|---------|
Set/delete mines marks (x and y coordinates):
>7 3 mine
 |123456789|
-|---------|
1|/////////|
2|11///111/|
3|.1///1*1/|
4|11///111/|
5|/////////|
6|/////////|
7|/////////|
8|/////////|
9|/////////|
-|---------|
Set/delete mines marks (x and y coordinates):
>1 3 free
 |123456789|
-|---------|
1|/////////|
2|11///111/|
3|X1///1X1/|
4|11///111/|
5|/////////|
6|/////////|
7|/////////|
8|/////////|
9|/////////|
-|---------|
You stepped on a mine and failed!
?[1;31m
Start test 31?[0m
How many mines do you want on the field?
>2
 |123456789|
-|---------|
1|.........|
2|.........|
3|.........|
4|.........|
5|.........|
6|.........|
7|.........|
8|.........|
9|.........|
-|---------|
Set/delete mines marks (x and y coordinates):
>2 7 mine
 |123456789|
-|---------|
1|.........|
2|.........|
3|.........|
4|.........|
5|.........|
6|.........|
7|.*.......|
8|.........|
9|.........|
-|---------|
Set/delete mines marks (x and y coordinates):
>3 2 mine
 |123456789|
-|---------|
1|.........|
2|..*......|
3|.........|
4|.........|
5|.........|
6|.........|
7|.*.......|
8|.........|
9|.........|
-|---------|
Set/delete mines marks (x and y coordinates):
>2 7 mine
 |123456789|
-|---------|
1|.........|
2|..*......|
3|.........|
4|.........|
5|.........|
6|.........|
7|.........|
8|.........|
9|.........|
-|---------|
Set/delete mines marks (x and y coordinates):
>3 2 mine
 |123456789|
-|---------|
1|.........|
2|.........|
3|.........|
4|.........|
5|.........|
6|.........|
7|.........|
8|.........|
9|.........|
-|---------|
Set/delete mines marks (x and y coordinates):
>4 2 mine
 |123456789|
-|---------|
1|.........|
2|...*.....|
3|.........|
4|.........|
5|.........|
6|.........|
7|.........|
8|.........|
9|.........|
-|---------|
Set/delete mines marks (x and y coordinates):
>4 2 mine
 |123456789|
-|---------|
1|.........|
2|.........|
3|.........|
4|.........|
5|.........|
6|.........|
7|.........|
8|.........|
9|.........|
-|---------|
Set/delete mines marks (x and y coordinates):
>2 7 mine
 |123456789|
-|---------|
1|.........|
2|.........|
3|.........|
4|.........|
5|.........|
6|.........|
7|.*.......|
8|.........|
9|.........|
-|---------|
Set/delete mines marks (x and y coordinates):
>1 7 mine
 |123456789|
-|---------|
1|.........|
2|.........|
3|.........|
4|.........|
5|.........|
6|.........|
7|**.......|
8|.........|
9|.........|
-|---------|
Set/delete mines marks (x and y coordinates):
>8 6 mine
 |123456789|
-|---------|
1|.........|
2|.........|
3|.........|
4|.........|
5|.........|
6|.......*.|
7|**.......|
8|.........|
9|.........|
-|---------|
Set/delete mines marks (x and y coordinates):
>2 7 mine
 |123456789|
-|---------|
1|.........|
2|.........|
3|.........|
4|.........|
5|.........|
6|.......*.|
7|*........|
8|.........|
9|.........|
-|---------|
Set/delete mines marks (x and y coordinates):
>8 6 mine
 |123456789|
-|---------|
1|.........|
2|.........|
3|.........|
4|.........|
5|.........|
6|.........|
7|*........|
8|.........|
9|.........|
-|---------|
Set/delete mines marks (x and y coordinates):
>7 9 free
 |123456789|
-|---------|
1|/////////|
2|/////////|
3|/////////|
4|/////////|
5|///////11|
6|///////1.|
7|///////11|
8|//111////|
9|//1.1////|
-|---------|
Set/delete mines marks (x and y coordinates):
>4 9 mine
 |123456789|
-|---------|
1|/////////|
2|/////////|
3|/////////|
4|/////////|
5|///////11|
6|///////1.|
7|///////11|
8|//111////|
9|//1*1////|
-|---------|
Set/delete mines marks (x and y coordinates):
>9 6 free
 |123456789|
-|---------|
1|/////////|
2|/////////|
3|/////////|
4|/////////|
5|///////11|
6|///////1X|
7|///////11|
8|//111////|
9|//1X1////|
-|---------|
You stepped on a mine and failed!
?[1;31m
Start test 32?[0m
How many mines do you want on the field?
>2
 |123456789|
-|---------|
1|.........|
2|.........|
3|.........|
4|.........|
5|.........|
6|.........|
7|.........|
8|.........|
9|.........|
-|---------|
Set/delete mines marks (x and y coordinates):
>4 3 mine
 |123456789|
-|---------|
1|.........|
2|.........|
3|...*.....|
4|.........|
5|.........|
6|.........|
7|.........|
8|.........|
9|.........|
-|---------|
Set/delete mines marks (x and y coordinates):
>4 3 mine
 |123456789|
-|---------|
1|.........|
2|.........|
3|.........|
4|.........|
5|.........|
6|.........|
7|.........|
8|.........|
9|.........|
-|---------|
Set/delete mines marks (x and y coordinates):
>9 8 free
 |123456789|
-|---------|
1|/////////|
2|/////////|
3|/////////|
4|/////////|
5|/////////|
6|/////////|
7|111//////|
8|..1111///|
9|.....1///|
-|---------|
Set/delete mines marks (x and y coordinates):
>2 8 free
 |123456789|
-|---------|
1|/////////|
2|/////////|
3|/////////|
4|/////////|
5|/////////|
6|/////////|
7|111//////|
8|.X1111///|
9|....X1///|
-|---------|
You stepped on a mine and failed!
?[1;31m
Start test 33?[0m
How many mines do you want on the field?
>2
 |123456789|
-|---------|
1|.........|
2|.........|
3|.........|
4|.........|
5|.........|
6|.........|
7|.........|
8|.........|
9|.........|
-|---------|
Set/delete mines marks (x and y coordinates):
>6 1 mine
 |123456789|
-|---------|
1|.....*...|
2|.........|
3|.........|
4|.........|
5|.........|
6|.........|
7|.........|
8|.........|
9|.........|
-|---------|
Set/delete mines marks (x and y coordinates):
>7 4 free
 |123456789|
-|---------|
1|/////////|
2|/111/////|
3|/1.1/////|
4|/111/////|
5|/////////|
6|/////////|
7|////111//|
8|////1.1//|
9|////1.1//|
-|---------|
Set/delete mines marks (x and y coordinates):
>6 8 free
 |123456789|
-|---------|
1|/////////|
2|/111/////|
3|/1X1/////|
4|/111/////|
5|/////////|
6|/////////|
7|////111//|
8|////1X1//|
9|////1.1//|
-|---------|
You stepped on a mine and failed!
?[1;31m
Start test 34?[0m
How many mines do you want on the field?
>2
 |123456789|
-|---------|
1|.........|
2|.........|
3|.........|
4|.........|
5|.........|
6|.........|
7|.........|
8|.........|
9|.........|
-|---------|
Set/delete mines marks (x and y coordinates):
>8 8 free
 |123456789|
-|---------|
1|/////////|
2|111/111//|
3|..1/1.1//|
4|111/111//|
5|/////////|
6|/////////|
7|/////////|
8|/////////|
9|/////////|
-|---------|
Set/delete mines marks (x and y coordinates):
>2 3 mine
 |123456789|
-|---------|
1|/////////|
2|111/111//|
3|.*1/1.1//|
4|111/111//|
5|/////////|
6|/////////|
7|/////////|
8|/////////|
9|/////////|
-|---------|
Set/delete mines marks (x and y coordinates):
>6 3 free
 |123456789|
-|---------|
1|/////////|
2|111/111//|
3|.X1/1X1//|
4|111/111//|
5|/////////|
6|/////////|
7|/////////|
8|/////////|
9|/////////|
-|---------|
You stepped on a mine and failed!
?[1;31m
Start test 35?[0m
How many mines do you want on the field?
>2
 |123456789|
-|---------|
1|.........|
2|.........|
3|.........|
4|.........|
5|.........|
6|.........|
7|.........|
8|.........|
9|.........|
-|---------|
Set/delete mines marks (x and y coordinates):
>7 6 free
 |123456789|
-|---------|
1|/////////|
2|///////11|
3|///////1.|
4|///////11|
5|/////////|
6|/////////|
7|/////////|
8|/111/////|
9|/1.1/////|
-|---------|
Set/delete mines marks (x and y coordinates):
>3 9 mine
 |123456789|
-|---------|
1|/////////|
2|///////11|
3|///////1.|
4|///////11|
5|/////////|
6|/////////|
7|/////////|
8|/111/////|
9|/1*1/////|
-|---------|
Set/delete mines marks (x and y coordinates):
>9 3 free
 |123456789|
-|---------|
1|/////////|
2|///////11|
3|///////1X|
4|///////11|
5|/////////|
6|/////////|
7|/////////|
8|/111/////|
9|/1X1/////|
-|---------|
You stepped on a mine and failed!
?[1;31m
Start test 36?[0m
How many mines do you want on the field?
>2
 |123456789|
-|---------|
1|.........|
2|.........|
3|.........|
4|.........|
5|.........|
6|.........|
7|.........|
8|.........|
9|.........|
-|---------|
Set/delete mines marks (x and y coordinates):
>9 2 free
 |123456789|
-|---------|
1|/////////|
2|/111/111/|
3|/1.1/1.1/|
4|/111/111/|
5|/////////|
6|/////////|
7|/////////|
8|/////////|
9|/////////|
-|---------|
Set/delete mines marks (x and y coordinates):
>3 3 free
 |123456789|
-|---------|
1|/////////|
2|/111/111/|
3|/1X1/1X1/|
4|/111/111/|
5|/////////|
6|/////////|
7|/////////|
8|/////////|
9|/////////|
-|---------|
You stepped on a mine and failed!
?[1;31m
Start test 37?[0m
How many mines do you want on the field?
>2
 |123456789|
-|---------|
1|.........|
2|.........|
3|.........|
4|.........|
5|.........|
6|.........|
7|.........|
8|.........|
9|.........|
-|---------|
Set/delete mines marks (x and y coordinates):
>8 2 free
 |123456789|
-|---------|
1|//1.1////|
2|//1.211//|
3|//112.1//|
4|////111//|
5|/////////|
6|/////////|
7|/////////|
8|/////////|
9|/////////|
-|---------|
Set/delete mines marks (x and y coordinates):
>4 1 mine
 |123456789|
-|---------|
1|//1*1////|
2|//1.211//|
3|//112.1//|
4|////111//|
5|/////////|
6|/////////|
7|/////////|
8|/////////|
9|/////////|
-|---------|
Set/delete mines marks (x and y coordinates):
>6 3 free
 |123456789|
-|---------|
1|//1*1////|
2|//1X211//|
3|//112X1//|
4|////111//|
5|/////////|
6|/////////|
7|/////////|
8|/////////|
9|/////////|
-|---------|
You stepped on a mine and failed!
?[1;31m
Start test 38?[0m
How many mines do you want on the field?
>2
 |123456789|
-|---------|
1|.........|
2|.........|
3|.........|
4|.........|
5|.........|
6|.........|
7|.........|
8|.........|
9|.........|
-|---------|
Set/delete mines marks (x and y coordinates):
>5 3 free
 |123456789|
-|---------|
1|/////////|
2|/////////|
3|/////////|
4|/////////|
5|////111//|
6|////1.1//|
7|////111//|
8|///111///|
9|///1.1///|
-|---------|
Set/delete mines marks (x and y coordinates):
>6 6 mine
 |123456789|
-|---------|
1|/////////|
2|/////////|
3|/////////|
4|/////////|
5|////111//|
6|////1*1//|
7|////111//|
8|///111///|
9|///1.1///|
-|---------|
Set/delete mines marks (x and y coordinates):
>5 9 mine
 |123456789|
-|---------|
1|/////////|
2|/////////|
3|/////////|
4|/////////|
5|////111//|
6|////1*1//|
7|////111//|
8|///111///|
9|///1*1///|
-|---------|
Congratulations! You found all mines!
?[1;31m
Start test 39?[0m
How many mines do you want on the field?
>2
 |123456789|
-|---------|
1|.........|
2|.........|
3|.........|
4|.........|
5|.........|
6|.........|
7|.........|
8|.........|
9|.........|
-|---------|
Set/delete mines marks (x and y coordinates):
>8 5 free
 |123456789|
-|---------|
1|/////////|
2|/////////|
3|///////11|
4|///////1.|
5|//////122|
6|//////1.1|
7|//////111|
8|/////////|
9|/////////|
-|---------|
Set/delete mines marks (x and y coordinates):
>8 6 free
 |123456789|
-|---------|
1|/////////|
2|/////////|
3|///////11|
4|///////1X|
5|//////122|
6|//////1X1|
7|//////111|
8|/////////|
9|/////////|
-|---------|
You stepped on a mine and failed!
?[1;31m
Start test 40?[0m
How many mines do you want on the field?
>2
 |123456789|
-|---------|
1|.........|
2|.........|
3|.........|
4|.........|
5|.........|
6|.........|
7|.........|
8|.........|
9|.........|
-|---------|
Set/delete mines marks (x and y coordinates):
>2 4 free
 |123456789|
-|---------|
1|///////1.|
2|111////1.|
3|1.1////11|
4|111//////|
5|/////////|
6|/////////|
7|/////////|
8|/////////|
9|/////////|
-|---------|
Set/delete mines marks (x and y coordinates):
>2 3 mine
 |123456789|
-|---------|
1|///////1.|
2|111////1.|
3|1*1////11|
4|111//////|
5|/////////|
6|/////////|
7|/////////|
8|/////////|
9|/////////|
-|---------|
Set/delete mines marks (x and y coordinates):
>9 1 free
 |123456789|
-|---------|
1|///////11|
2|111////1.|
3|1*1////11|
4|111//////|
5|/////////|
6|/////////|
7|/////////|
8|/////////|
9|/////////|
-|---------|
Set/delete mines marks (x and y coordinates):
>2 3 mine
 |123456789|
-|---------|
1|///////11|
2|111////1.|
3|1.1////11|
4|111//////|
5|/////////|
6|/////////|
7|/////////|
8|/////////|
9|/////////|
-|---------|
Set/delete mines marks (x and y coordinates):
>9 2 mine
 |123456789|
-|---------|
1|///////11|
2|111////1*|
3|1.1////11|
4|111//////|
5|/////////|
6|/////////|
7|/////////|
8|/////////|
9|/////////|
-|---------|
Set/delete mines marks (x and y coordinates):
>2 3 free
 |123456789|
-|---------|
1|///////11|
2|111////1X|
3|1X1////11|
4|111//////|
5|/////////|
6|/////////|
7|/////////|
8|/////////|
9|/////////|
-|---------|
You stepped on a mine and failed!
?[1;31m
Start test 41?[0m
How many mines do you want on the field?
>3
 |123456789|
-|---------|
1|.........|
2|.........|
3|.........|
4|.........|
5|.........|
6|.........|
7|.........|
8|.........|
9|.........|
-|---------|
Set/delete mines marks (x and y coordinates):
>9 5 free
 |123456789|
-|---------|
1|/1..1////|
2|/1.21////|
3|/111/////|
4|/////////|
5|/////////|
6|/////////|
7|////111//|
8|////1.1//|
9|////1.1//|
-|---------|
Set/delete mines marks (x and y coordinates):
>3 1 free
 |123456789|
-|---------|
1|/12.1////|
2|/1.21////|
3|/111/////|
4|/////////|
5|/////////|
6|/////////|
7|////111//|
8|////1.1//|
9|////1.1//|
-|---------|
Set/delete mines marks (x and y coordinates):
>3 2 mine
 |123456789|
-|---------|
1|/12.1////|
2|/1*21////|
3|/111/////|
4|/////////|
5|/////////|
6|/////////|
7|////111//|
8|////1.1//|
9|////1.1//|
-|---------|
Set/delete mines marks (x and y coordinates):
>3 2 mine
 |123456789|
-|---------|
1|/12.1////|
2|/1.21////|
3|/111/////|
4|/////////|
5|/////////|
6|/////////|
7|////111//|
8|////1.1//|
9|////1.1//|
-|---------|
Set/delete mines marks (x and y coordinates):
>6 8 free
 |123456789|
-|---------|
1|/12X1////|
2|/1X21////|
3|/111/////|
4|/////////|
5|/////////|
6|/////////|
7|////111//|
8|////1X1//|
9|////1.1//|
-|---------|
You stepped on a mine and failed!
?[1;31m
Start test 42?[0m
How many mines do you want on the field?
>3
 |123456789|
-|---------|
1|.........|
2|.........|
3|.........|
4|.........|
5|.........|
6|.........|
7|.........|
8|.........|
9|.........|
-|---------|
Set/delete mines marks (x and y coordinates):
>9 3 mine
 |123456789|
-|---------|
1|.........|
2|.........|
3|........*|
4|.........|
5|.........|
6|.........|
7|.........|
8|.........|
9|.........|
-|---------|
Set/delete mines marks (x and y coordinates):
>1 2 free
 |123456789|
-|---------|
1|/////1.1/|
2|/////1.1/|
3|/////111/|
4|111//////|
5|..1//////|
6|111///111|
7|//////1..|
8|//////111|
9|/////////|
-|---------|
Set/delete mines marks (x and y coordinates):
>9 7 mine
 |123456789|
-|---------|
1|/////1.1/|
2|/////1.1/|
3|/////111/|
4|111//////|
5|..1//////|
6|111///111|
7|//////1.*|
8|//////111|
9|/////////|
-|---------|
Set/delete mines marks (x and y coordinates):
>2 5 free
 |123456789|
-|---------|
1|/////1.1/|
2|/////1X1/|
3|/////111/|
4|111//////|
5|.X1//////|
6|111///111|
7|//////1X*|
8|//////111|
9|/////////|
-|---------|
You stepped on a mine and failed!
?[1;31m
Start test 43?[0m
How many mines do you want on the field?
>3
 |123456789|
-|---------|
1|.........|
2|.........|
3|.........|
4|.........|
5|.........|
6|.........|
7|.........|
8|.........|
9|.........|
-|---------|
Set/delete mines marks (x and y coordinates):
>8 7 free
 |123456789|
-|---------|
1|////1.1//|
2|////1.1//|
3|////111//|
4|/////////|
5|/111/111/|
6|/1.1/1.1/|
7|/111/111/|
8|/////////|
9|/////////|
-|---------|
Set/delete mines marks (x and y coordinates):
>3 6 free
 |123456789|
-|---------|
1|////1.1//|
2|////1X1//|
3|////111//|
4|/////////|
5|/111/111/|
6|/1X1/1X1/|
7|/111/111/|
8|/////////|
9|/////////|
-|---------|
You stepped on a mine and failed!
?[1;31m
Start test 44?[0m
How many mines do you want on the field?
>3
 |123456789|
-|---------|
1|.........|
2|.........|
3|.........|
4|.........|
5|.........|
6|.........|
7|.........|
8|.........|
9|.........|
-|---------|
Set/delete mines marks (x and y coordinates):
>6 1 free
 |123456789|
-|---------|
1|/////////|
2|////111//|
3|////1.1//|
4|////111//|
5|/111/////|
6|/1.1/////|
7|/111/////|
8|11///////|
9|.1///////|
-|---------|
Set/delete mines marks (x and y coordinates):
>6 3 free
 |123456789|
-|---------|
1|/////////|
2|////111//|
3|////1X1//|
4|////111//|
5|/111/////|
6|/1X1/////|
7|/111/////|
8|11///////|
9|X1///////|
-|---------|
You stepped on a mine and failed!
?[1;31m
Start test 45?[0m
How many mines do you want on the field?
>3
 |123456789|
-|---------|
1|.........|
2|.........|
3|.........|
4|.........|
5|.........|
6|.........|
7|.........|
8|.........|
9|.........|
-|---------|
Set/delete mines marks (x and y coordinates):
>5 1 free
 |123456789|
-|---------|
1|/////////|
2|/////////|
3|////111//|
4|////1.1//|
5|////111//|
6|/////////|
7|//////111|
8|111///1..|
9|..1///1..|
-|---------|
Set/delete mines marks (x and y coordinates):
>8 9 free
 |123456789|
-|---------|
1|/////////|
2|/////////|
3|////111//|
4|////1.1//|
5|////111//|
6|/////////|
7|//////111|
8|111///1.1|
9|..1///111|
-|---------|
Set/delete mines marks (x and y coordinates):
>8 8 mine
 |123456789|
-|---------|
1|/////////|
2|/////////|
3|////111//|
4|////1.1//|
5|////111//|
6|/////////|
7|//////111|
8|111///1*1|
9|..1///111|
-|---------|
Set/delete mines marks (x and y coordinates):
>8 8 mine
 |123456789|
-|---------|
1|/////////|
2|/////////|
3|////111//|
4|////1.1//|
5|////111//|
6|/////////|
7|//////111|
8|111///1.1|
9|..1///111|
-|---------|
Set/delete mines marks (x and y coordinates):
>6 4 mine
 |123456789|
-|---------|
1|/////////|
2|/////////|
3|////111//|
4|////1*1//|
5|////111//|
6|/////////|
7|//////111|
8|111///1.1|
9|..1///111|
-|---------|
Set/delete mines marks (x and y coordinates):
>6 4 mine
 |123456789|
-|---------|
1|/////////|
2|/////////|
3|////111//|
4|////1.1//|
5|////111//|
6|/////////|
7|//////111|
8|111///1.1|
9|..1///111|
-|---------|
Set/delete mines marks (x and y coordinates):
>8 8 free
 |123456789|
-|---------|
1|/////////|
2|/////////|
3|////111//|
4|////1X1//|
5|////111//|
6|/////////|
7|//////111|
8|111///1X1|
9|.X1///111|
-|---------|
You stepped on a mine and failed!
?[1;31m
Start test 46?[0m
How many mines do you want on the field?
>3
 |123456789|
-|---------|
1|.........|
2|.........|
3|.........|
4|.........|
5|.........|
6|.........|
7|.........|
8|.........|
9|.........|
-|---------|
Set/delete mines marks (x and y coordinates):
>7 5 mine
 |123456789|
-|---------|
1|.........|
2|.........|
3|.........|
4|.........|
5|......*..|
6|.........|
7|.........|
8|.........|
9|.........|
-|---------|
Set/delete mines marks (x and y coordinates):
>2 2 mine
 |123456789|
-|---------|
1|.........|
2|.*.......|
3|.........|
4|.........|
5|......*..|
6|.........|
7|.........|
8|.........|
9|.........|
-|---------|
Set/delete mines marks (x and y coordinates):
>7 5 mine
 |123456789|
-|---------|
1|.........|
2|.*.......|
3|.........|
4|.........|
5|.........|
6|.........|
7|.........|
8|.........|
9|.........|
-|---------|
Set/delete mines marks (x and y coordinates):
>3 7 mine
 |123456789|
-|---------|
1|.........|
2|.*.......|
3|.........|
4|.........|
5|.........|
6|.........|
7|..*......|
8|.........|
9|.........|
-|---------|
Set/delete mines marks (x and y coordinates):
>4 1 free
 |123456789|
-|---------|
1|/////////|
2|/111/////|
3|/2.2/////|
4|/2.2/////|
5|/111/////|
6|/////////|
7|/////////|
8|11///////|
9|.1///////|
-|---------|
Set/delete mines marks (x and y coordinates):
>3 3 mine
 |123456789|
-|---------|
1|/////////|
2|/111/////|
3|/2*2/////|
4|/2.2/////|
5|/111/////|
6|/////////|
7|/////////|
8|11///////|
9|.1///////|
-|---------|
Set/delete mines marks (x and y coordinates):
>1 9 free
 |123456789|
-|---------|
1|/////////|
2|/111/////|
3|/2X2/////|
4|/2X2/////|
5|/111/////|
6|/////////|
7|/////////|
8|11///////|
9|X1///////|
-|---------|
You stepped on a mine and failed!
?[1;31m
Start test 47?[0m
How many mines do you want on the field?
>3
 |123456789|
-|---------|
1|.........|
2|.........|
3|.........|
4|.........|
5|.........|
6|.........|
7|.........|
8|.........|
9|.........|
-|---------|
Set/delete mines marks (x and y coordinates):
>7 9 free
 |123456789|
-|---------|
1|/////////|
2|111////11|
3|..1////1.|
4|111////11|
5|/////////|
6|/////////|
7|///111///|
8|///1.1///|
9|///1.1///|
-|---------|
Set/delete mines marks (x and y coordinates):
>9 3 free
 |123456789|
-|---------|
1|/////////|
2|111////11|
3|.X1////1X|
4|111////11|
5|/////////|
6|/////////|
7|///111///|
8|///1X1///|
9|///1.1///|
-|---------|
You stepped on a mine and failed!
?[1;31m
Start test 48?[0m
How many mines do you want on the field?
>3
 |123456789|
-|---------|
1|.........|
2|.........|
3|.........|
4|.........|
5|.........|
6|.........|
7|.........|
8|.........|
9|.........|
-|---------|
Set/delete mines marks (x and y coordinates):
>2 1 mine
 |123456789|
-|---------|
1|.*.......|
2|.........|
3|.........|
4|.........|
5|.........|
6|.........|
7|.........|
8|.........|
9|.........|
-|---------|
Set/delete mines marks (x and y coordinates):
>8 2 mine
 |123456789|
-|---------|
1|.*.......|
2|.......*.|
3|.........|
4|.........|
5|.........|
6|.........|
7|.........|
8|.........|
9|.........|
-|---------|
Set/delete mines marks (x and y coordinates):
>1 9 free
 |123456789|
-|---------|
1|.*.......|
2|.......*.|
3|.........|
4|.........|
5|.........|
6|.........|
7|..1111...|
8|111//1...|
9|/////1...|
-|---------|
Set/delete mines marks (x and y coordinates):
>9 3 mine
 |123456789|
-|---------|
1|.*.......|
2|.......*.|
3|........*|
4|.........|
5|.........|
6|.........|
7|..1111...|
8|111//1...|
9|/////1...|
-|---------|
Set/delete mines marks (x and y coordinates):
>3 6 free
 |123456789|
-|---------|
1|/////////|
2|/////////|
3|/////////|
4|/////////|
5|///111///|
6|1111.1///|
7|..1111///|
8|111//111/|
9|/////1.1/|
-|---------|
Set/delete mines marks (x and y coordinates):
>5 6 free
 |123456789|
-|---------|
1|/////////|
2|/////////|
3|/////////|
4|/////////|
5|///111///|
6|1111X1///|
7|.X1111///|
8|111//111/|
9|/////1X1/|
-|---------|
You stepped on a mine and failed!
?[1;31m
Start test 49?[0m
How many mines do you want on the field?
>3
 |123456789|
-|---------|
1|.........|
2|.........|
3|.........|
4|.........|
5|.........|
6|.........|
7|.........|
8|.........|
9|.........|
-|---------|
Set/delete mines marks (x and y coordinates):
>9 6 free
 |123456789|
-|---------|
1|.........|
2|.........|
3|.........|
4|1111.....|
5|///111111|
6|/////////|
7|/////////|
8|/////////|
9|/////////|
-|---------|
Set/delete mines marks (x and y coordinates):
>8 4 mine
 |123456789|
-|---------|
1|.........|
2|.........|
3|.........|
4|1111...*.|
5|///111111|
6|/////////|
7|/////////|
8|/////////|
9|/////////|
-|---------|
Set/delete mines marks (x and y coordinates):
>8 4 mine
 |123456789|
-|---------|
1|.........|
2|.........|
3|.........|
4|1111.....|
5|///111111|
6|/////////|
7|/////////|
8|/////////|
9|/////////|
-|---------|
Set/delete mines marks (x and y coordinates):
>9 1 mine
 |123456789|
-|---------|
1|........*|
2|.........|
3|.........|
4|1111.....|
5|///111111|
6|/////////|
7|/////////|
8|/////////|
9|/////////|
-|---------|
Set/delete mines marks (x and y coordinates):
>2 2 free
 |123456789|
-|---------|
1|/////////|
2|111//////|
3|1.1111111|
4|1111.....|
5|///111111|
6|/////////|
7|/////////|
8|/////////|
9|/////////|
-|---------|
Set/delete mines marks (x and y coordinates):
>9 4 mine
 |123456789|
-|---------|
1|/////////|
2|111//////|
3|1.1111111|
4|1111....*|
5|///111111|
6|/////////|
7|/////////|
8|/////////|
9|/////////|
-|---------|
Set/delete mines marks (x and y coordinates):
>7 4 mine
 |123456789|
-|---------|
1|/////////|
2|111//////|
3|1.1111111|
4|1111..*.*|
5|///111111|
6|/////////|
7|/////////|
8|/////////|
9|/////////|
-|---------|
Set/delete mines marks (x and y coordinates):
>5 4 free
 |123456789|
-|---------|
1|/////////|
2|111//////|
3|1X1111111|
4|1111X.*X*|
5|///111111|
6|/////////|
7|/////////|
8|/////////|
9|/////////|
-|---------|
You stepped on a mine and failed!
?[1;31m
Start test 50?[0m
How many mines do you want on the field?
>3
 |123456789|
-|---------|
1|.........|
2|.........|
3|.........|
4|.........|
5|.........|
6|.........|
7|.........|
8|.........|
9|.........|
-|---------|
Set/delete mines marks (x and y coordinates):
>3 5 free
 |123456789|
-|---------|
1|/////1...|
2|/////112.|
3|///////1.|
4|///////11|
5|/////////|
6|/////////|
7|////111//|
8|////1.1//|
9|////1.1//|
-|---------|
Set/delete mines marks (x and y coordinates):
>7 1 free
 |123456789|
-|---------|
1|/////1X..|
2|/////112.|
3|///////1X|
4|///////11|
5|/////////|
6|/////////|
7|////111//|
8|////1X1//|
9|////1.1//|
-|---------|
You stepped on a mine and failed!
?[1;31m
Start test 51?[0m
How many mines do you want on the field?
>3
 |123456789|
-|---------|
1|.........|
2|.........|
3|.........|
4|.........|
5|.........|
6|.........|
7|.........|
8|.........|
9|.........|
-|---------|
Set/delete mines marks (x and y coordinates):
>8 3 mine
 |123456789|
-|---------|
1|.........|
2|.........|
3|.......*.|
4|.........|
5|.........|
6|.........|
7|.........|
8|.........|
9|.........|
-|---------|
Set/delete mines marks (x and y coordinates):
>8 3 mine
 |123456789|
-|---------|
1|.........|
2|.........|
3|.........|
4|.........|
5|.........|
6|.........|
7|.........|
8|.........|
9|.........|
-|---------|
Set/delete mines marks (x and y coordinates):
>2 8 free
 |123456789|
-|---------|
1|/////////|
2|/////////|
3|/////////|
4|/111/////|
5|/1.1/111/|
6|/111/1.1/|
7|/////1221|
8|//////1..|
9|//////1..|
-|---------|
Set/delete mines marks (x and y coordinates):
>3 5 free
 |123456789|
-|---------|
1|/////////|
2|/////////|
3|/////////|
4|/111/////|
5|/1X1/111/|
6|/111/1X1/|
7|/////1221|
8|//////1X.|
9|//////1..|
-|---------|
You stepped on a mine and failed!
?[1;31m
Start test 52?[0m
How many mines do you want on the field?
>3
 |123456789|
-|---------|
1|.........|
2|.........|
3|.........|
4|.........|
5|.........|
6|.........|
7|.........|
8|.........|
9|.........|
-|---------|
Set/delete mines marks (x and y coordinates):
>8 7 free
 |123456789|
-|---------|
1|/////////|
2|/////////|
3|//////111|
4|//////1..|
5|//////12.|
6|///////1.|
7|///////11|
8|///////11|
9|///////1.|
-|---------|
Set/delete mines marks (x and y coordinates):
>9 6 mine
 |123456789|
-|---------|
1|/////////|
2|/////////|
3|//////111|
4|//////1..|
5|//////12.|
6|///////1*|
7|///////11|
8|///////11|
9|///////1.|
-|---------|
Set/delete mines marks (x and y coordinates):
>8 4 mine
 |123456789|
-|---------|
1|/////////|
2|/////////|
3|//////111|
4|//////1*.|
5|//////12.|
6|///////1*|
7|///////11|
8|///////11|
9|///////1.|
-|---------|
Set/delete mines marks (x and y coordinates):
>9 4 free
 |123456789|
-|---------|
1|/////////|
2|/////////|
3|//////111|
4|//////1*1|
5|//////122|
6|///////1*|
7|///////11|
8|///////11|
9|///////1.|
-|---------|
Set/delete mines marks (x and y coordinates):
>9 9 free
 |123456789|
-|---------|
1|/////////|
2|/////////|
3|//////111|
4|//////1X1|
5|//////122|
6|///////1X|
7|///////11|
8|///////11|
9|///////1X|
-|---------|
You stepped on a mine and failed!
?[1;31m
Start test 53?[0m
How many mines do you want on the field?
>3
 |123456789|
-|---------|
1|.........|
2|.........|
3|.........|
4|.........|
5|.........|
6|.........|
7|.........|
8|.........|
9|.........|
-|---------|
Set/delete mines marks (x and y coordinates):
>6 3 mine
 |123456789|
-|---------|
1|.........|
2|.........|
3|.....*...|
4|.........|
5|.........|
6|.........|
7|.........|
8|.........|
9|.........|
-|---------|
Set/delete mines marks (x and y coordinates):
>9 1 mine
 |123456789|
-|---------|
1|........*|
2|.........|
3|.....*...|
4|.........|
5|.........|
6|.........|
7|.........|
8|.........|
9|.........|
-|---------|
Set/delete mines marks (x and y coordinates):
>8 8 mine
 |123456789|
-|---------|
1|........*|
2|.........|
3|.....*...|
4|.........|
5|.........|
6|.........|
7|.........|
8|.......*.|
9|.........|
-|---------|
Set/delete mines marks (x and y coordinates):
>2 6 mine
 |123456789|
-|---------|
1|........*|
2|.........|
3|.....*...|
4|.........|
5|.........|
6|.*.......|
7|.........|
8|.......*.|
9|.........|
-|---------|
Set/delete mines marks (x and y coordinates):
>2 1 mine
 |123456789|
-|---------|
1|.*......*|
2|.........|
3|.....*...|
4|.........|
5|.........|
6|.*.......|
7|.........|
8|.......*.|
9|.........|
-|---------|
Set/delete mines marks (x and y coordinates):
>3 3 mine
 |123456789|
-|---------|
1|.*......*|
2|.........|
3|..*..*...|
4|.........|
5|.........|
6|.*.......|
7|.........|
8|.......*.|
9|.........|
-|---------|
Set/delete mines marks (x and y coordinates):
>7 3 free
 |123456789|
-|---------|
1|//////1.*|
2|//////111|
3|/////////|
4|/////////|
5|//////111|
6|//////1..|
7|//////111|
8|//111////|
9|//1.1////|
-|---------|
Set/delete mines marks (x and y coordinates):
>4 9 free
 |123456789|
-|---------|
1|//////1X*|
2|//////111|
3|/////////|
4|/////////|
5|//////111|
6|//////1X.|
7|//////111|
8|//111////|
9|//1X1////|
-|---------|
You stepped on a mine and failed!
?[1;31m
Start test 54?[0m
How many mines do you want on the field?
>3
 |123456789|
-|---------|
1|.........|
2|.........|
3|.........|
4|.........|
5|.........|
6|.........|
7|.........|
8|.........|
9|.........|
-|---------|
Set/delete mines marks (x and y coordinates):
>8 6 mine
 |123456789|
-|---------|
1|.........|
2|.........|
3|.........|
4|.........|
5|.........|
6|.......*.|
7|.........|
8|.........|
9|.........|
-|---------|
Set/delete mines marks (x and y coordinates):
>6 2 mine
 |123456789|
-|---------|
1|.........|
2|.....*...|
3|.........|
4|.........|
5|.........|
6|.......*.|
7|.........|
8|.........|
9|.........|
-|---------|
Set/delete mines marks (x and y coordinates):
>9 6 mine
 |123456789|
-|---------|
1|.........|
2|.....*...|
3|.........|
4|.........|
5|.........|
6|.......**|
7|.........|
8|.........|
9|.........|
-|---------|
Set/delete mines marks (x and y coordinates):
>7 9 free
 |123456789|
-|---------|
1|/////1...|
2|/////1...|
3|/////11..|
4|//////1..|
5|//////1..|
6|//////111|
7|/////////|
8|////111//|
9|////1.1//|
-|---------|
Set/delete mines marks (x and y coordinates):
>9 2 free
 |123456789|
-|---------|
1|/////1.1/|
2|/////1.1/|
3|/////111/|
4|//////111|
5|//////1..|
6|//////111|
7|/////////|
8|////111//|
9|////1.1//|
-|---------|
Set/delete mines marks (x and y coordinates):
>7 2 free
 |123456789|
-|---------|
1|/////1.1/|
2|/////1X1/|
3|/////111/|
4|//////111|
5|//////1X.|
6|//////111|
7|/////////|
8|////111//|
9|////1X1//|
-|---------|
You stepped on a mine and failed!
?[1;31m
Start test 55?[0m
How many mines do you want on the field?
>3
 |123456789|
-|---------|
1|.........|
2|.........|
3|.........|
4|.........|
5|.........|
6|.........|
7|.........|
8|.........|
9|.........|
-|---------|
Set/delete mines marks (x and y coordinates):
>4 7 free
 |123456789|
-|---------|
1|/////////|
2|/////////|
3|/////////|
4|/111/////|
5|/1.21////|
6|/12.1////|
7|//111////|
8|////111//|
9|////1.1//|
-|---------|
Set/delete mines marks (x and y coordinates):
>6 9 free
 |123456789|
-|---------|
1|/////////|
2|/////////|
3|/////////|
4|/111/////|
5|/1X21////|
6|/12X1////|
7|//111////|
8|////111//|
9|////1X1//|
-|---------|
You stepped on a mine and failed!
?[1;31m
Start test 56?[0m
How many mines do you want on the field?
>3
 |123456789|
-|---------|
1|.........|
2|.........|
3|.........|
4|.........|
5|.........|
6|.........|
7|.........|
8|.........|
9|.........|
-|---------|
Set/delete mines marks (x and y coordinates):
>6 3 free
 |123456789|
-|---------|
1|..1//////|
2|111111/11|
3|///1.1/1.|
4|///111/11|
5|/////////|
6|/////////|
7|/////////|
8|/////////|
9|/////////|
-|---------|
Set/delete mines marks (x and y coordinates):
>1 1 mine
 |123456789|
-|---------|
1|*.1//////|
2|111111/11|
3|///1.1/1.|
4|///111/11|
5|/////////|
6|/////////|
7|/////////|
8|/////////|
9|/////////|
-|---------|
Set/delete mines marks (x and y coordinates):
>2 1 free
 |123456789|
-|---------|
1|*X1//////|
2|111111/11|
3|///1X1/1X|
4|///111/11|
5|/////////|
6|/////////|
7|/////////|
8|/////////|
9|/////////|
-|---------|
You stepped on a mine and failed!
?[1;31m
Start test 57?[0m
How many mines do you want on the field?
>3
 |123456789|
-|---------|
1|.........|
2|.........|
3|.........|
4|.........|
5|.........|
6|.........|
7|.........|
8|.........|
9|.........|
-|---------|
Set/delete mines marks (x and y coordinates):
>4 4 free
 |123456789|
-|---------|
1|/////////|
2|/////////|
3|/////////|
4|/////////|
5|/////////|
6|/////////|
7|111/111//|
8|..212.1//|
9|......1//|
-|---------|
Set/delete mines marks (x and y coordinates):
>5 9 mine
 |123456789|
-|---------|
1|/////////|
2|/////////|
3|/////////|
4|/////////|
5|/////////|
6|/////////|
7|111/111//|
8|..212.1//|
9|....*.1//|
-|---------|
Set/delete mines marks (x and y coordinates):
>4 9 free
 |123456789|
-|---------|
1|/////////|
2|/////////|
3|/////////|
4|/////////|
5|/////////|
6|/////////|
7|111/111//|
8|.X212X1//|
9|...X*.1//|
-|---------|
You stepped on a mine and failed!
?[1;31m
Start test 58?[0m
How many mines do you want on the field?
>3
 |123456789|
-|---------|
1|.........|
2|.........|
3|.........|
4|.........|
5|.........|
6|.........|
7|.........|
8|.........|
9|.........|
-|---------|
Set/delete mines marks (x and y coordinates):
>3 8 free
 |123456789|
-|---------|
1|......1//|
2|.111211//|
3|.1///////|
4|11///////|
5|/////////|
6|/////////|
7|/////////|
8|/////////|
9|/////////|
-|---------|
Set/delete mines marks (x and y coordinates):
>1 3 free
 |123456789|
-|---------|
1|...X.X1//|
2|.111211//|
3|X1///////|
4|11///////|
5|/////////|
6|/////////|
7|/////////|
8|/////////|
9|/////////|
-|---------|
You stepped on a mine and failed!
?[1;31m
Start test 59?[0m
How many mines do you want on the field?
>3
 |123456789|
-|---------|
1|.........|
2|.........|
3|.........|
4|.........|
5|.........|
6|.........|
7|.........|
8|.........|
9|.........|
-|---------|
Set/delete mines marks (x and y coordinates):
>6 9 free
 |123456789|
-|---------|
1|....1////|
2|..211////|
3|111//////|
4|/////////|
5|/////////|
6|/////////|
7|/////////|
8|/////111/|
9|/////1.1/|
-|---------|
Set/delete mines marks (x and y coordinates):
>3 1 mine
 |123456789|
-|---------|
1|..*.1////|
2|..211////|
3|111//////|
4|/////////|
5|/////////|
6|/////////|
7|/////////|
8|/////111/|
9|/////1.1/|
-|---------|
Set/delete mines marks (x and y coordinates):
>2 2 free
 |123456789|
-|---------|
1|..*X1////|
2|.X211////|
3|111//////|
4|/////////|
5|/////////|
6|/////////|
7|/////////|
8|/////111/|
9|/////1X1/|
-|---------|
You stepped on a mine and failed!
?[1;31m
Start test 60?[0m
How many mines do you want on the field?
>3
 |123456789|
-|---------|
1|.........|
2|.........|
3|.........|
4|.........|
5|.........|
6|.........|
7|.........|
8|.........|
9|.........|
-|---------|
Set/delete mines marks (x and y coordinates):
>4 7 free
 |123456789|
-|---------|
1|/////////|
2|/////////|
3|/111/////|
4|/1.1111//|
5|/1111.1//|
6|////11211|
7|//////1..|
8|//////111|
9|/////////|
-|---------|
Set/delete mines marks (x and y coordinates):
>9 7 free
 |123456789|
-|---------|
1|/////////|
2|/////////|
3|/111/////|
4|/1.1111//|
5|/1111.1//|
6|////11211|
7|//////1.1|
8|//////111|
9|/////////|
-|---------|
Set/delete mines marks (x and y coordinates):
>3 4 mine
 |123456789|
-|---------|
1|/////////|
2|/////////|
3|/111/////|
4|/1*1111//|
5|/1111.1//|
6|////11211|
7|//////1.1|
8|//////111|
9|/////////|
-|---------|
Set/delete mines marks (x and y coordinates):
>6 5 free
 |123456789|
-|---------|
1|/////////|
2|/////////|
3|/111/////|
4|/1X1111//|
5|/1111X1//|
6|////11211|
7|//////1X1|
8|//////111|
9|/////////|
-|---------|
You stepped on a mine and failed!
?[1;31m
Start test 61?[0m
How many mines do you want on the field?
>4
 |123456789|
-|---------|
1|.........|
2|.........|
3|.........|
4|.........|
5|.........|
6|.........|
7|.........|
8|.........|
9|.........|
-|---------|
Set/delete mines marks (x and y coordinates):
>5 5 mine
 |123456789|
-|---------|
1|.........|
2|.........|
3|.........|
4|.........|
5|....*....|
6|.........|
7|.........|
8|.........|
9|.........|
-|---------|
Set/delete mines marks (x and y coordinates):
>8 2 free
 |123456789|
-|---------|
1|///1.1///|
2|///1.1/11|
3|///111/1.|
4|///////11|
5|11//111//|
6|.1//1.1//|
7|11//111//|
8|/////////|
9|/////////|
-|---------|
Set/delete mines marks (x and y coordinates):
>5 2 free
 |123456789|
-|---------|
1|///1.1///|
2|///1X1/11|
3|///111/1X|
4|///////11|
5|11//111//|
6|X1//1X1//|
7|11//111//|
8|/////////|
9|/////////|
-|---------|
You stepped on a mine and failed!
?[1;31m
Start test 62?[0m
How many mines do you want on the field?
>4
 |123456789|
-|---------|
1|.........|
2|.........|
3|.........|
4|.........|
5|.........|
6|.........|
7|.........|
8|.........|
9|.........|
-|---------|
Set/delete mines marks (x and y coordinates):
>5 2 free
 |123456789|
-|---------|
1|/////////|
2|/////////|
3|///111///|
4|///1.1///|
5|//1221/11|
6|//1.1//1.|
7|//1221/11|
8|///1.1///|
9|///1.1///|
-|---------|
Set/delete mines marks (x and y coordinates):
>5 9 free
 |123456789|
-|---------|
1|/////////|
2|/////////|
3|///111///|
4|///1.1///|
5|//1221/11|
6|//1.1//1.|
7|//1221/11|
8|///1.1///|
9|///111///|
-|---------|
Set/delete mines marks (x and y coordinates):
>5 8 mine
 |123456789|
-|---------|
1|/////////|
2|/////////|
3|///111///|
4|///1.1///|
5|//1221/11|
6|//1.1//1.|
7|//1221/11|
8|///1*1///|
9|///111///|
-|---------|
Set/delete mines marks (x and y coordinates):
>5 8 mine
 |123456789|
-|---------|
1|/////////|
2|/////////|
3|///111///|
4|///1.1///|
5|//1221/11|
6|//1.1//1.|
7|//1221/11|
8|///1.1///|
9|///111///|
-|---------|
Set/delete mines marks (x and y coordinates):
>9 6 mine
 |123456789|
-|---------|
1|/////////|
2|/////////|
3|///111///|
4|///1.1///|
5|//1221/11|
6|//1.1//1*|
7|//1221/11|
8|///1.1///|
9|///111///|
-|---------|
Set/delete mines marks (x and y coordinates):
>4 6 free
 |123456789|
-|---------|
1|/////////|
2|/////////|
3|///111///|
4|///1X1///|
5|//1221/11|
6|//1X1//1X|
7|//1221/11|
8|///1X1///|
9|///111///|
-|---------|
You stepped on a mine and failed!
?[1;31m
Start test 63?[0m
How many mines do you want on the field?
>4
 |123456789|
-|---------|
1|.........|
2|.........|
3|.........|
4|.........|
5|.........|
6|.........|
7|.........|
8|.........|
9|.........|
-|---------|
Set/delete mines marks (x and y coordinates):
>9 7 free
 |123456789|
-|---------|
1|/////////|
2|11///////|
3|.1///////|
4|.21//////|
5|..1//////|
6|..1//////|
7|..1//////|
8|..2//////|
9|..2//////|
-|---------|
Set/delete mines marks (x and y coordinates):
>2 6 free
 |123456789|
-|---------|
1|/////////|
2|11///////|
3|.1///////|
4|.21//////|
5|1.1//////|
6|111//////|
7|111//////|
8|..2//////|
9|..2//////|
-|---------|
Set/delete mines marks (x and y coordinates):
>1 3 free
 |123456789|
-|---------|
1|/////////|
2|11///////|
3|X1///////|
4|.21//////|
5|1X1//////|
6|111//////|
7|111//////|
8|.X2//////|
9|.X2//////|
-|---------|
You stepped on a mine and failed!
?[1;31m
Start test 64?[0m
How many mines do you want on the field?
>4
 |123456789|
-|---------|
1|.........|
2|.........|
3|.........|
4|.........|
5|.........|
6|.........|
7|.........|
8|.........|
9|.........|
-|---------|
Set/delete mines marks (x and y coordinates):
>8 1 free
 |123456789|
-|---------|
1|....1////|
2|....1/111|
3|....112..|
4|.........|
5|.........|
6|.........|
7|.........|
8|.........|
9|.........|
-|---------|
Set/delete mines marks (x and y coordinates):
>6 9 free
 |123456789|
-|---------|
1|//1.1////|
2|//1.1/111|
3|//11112..|
4|/////1.21|
5|/////111/|
6|/////////|
7|/////////|
8|/////111/|
9|/////1.1/|
-|---------|
Set/delete mines marks (x and y coordinates):
>9 3 free
 |123456789|
-|---------|
1|//1.1////|
2|//1.1/111|
3|//11112.1|
4|/////1.21|
5|/////111/|
6|/////////|
7|/////////|
8|/////111/|
9|/////1.1/|
-|---------|
Set/delete mines marks (x and y coordinates):
>4 1 free
 |123456789|
-|---------|
1|//111////|
2|//1.1/111|
3|//11112.1|
4|/////1.21|
5|/////111/|
6|/////////|
7|/////////|
8|/////111/|
9|/////1.1/|
-|---------|
Set/delete mines marks (x and y coordinates):
>7 9 mine
 |123456789|
-|---------|
1|//111////|
2|//1.1/111|
3|//11112.1|
4|/////1.21|
5|/////111/|
6|/////////|
7|/////////|
8|/////111/|
9|/////1*1/|
-|---------|
Set/delete mines marks (x and y coordinates):
>8 3 free
 |123456789|
-|---------|
1|//111////|
2|//1X1/111|
3|//11112X1|
4|/////1X21|
5|/////111/|
6|/////////|
7|/////////|
8|/////111/|
9|/////1X1/|
-|---------|
You stepped on a mine and failed!
?[1;31m
Start test 65?[0m
How many mines do you want on the field?
>4
 |123456789|
-|---------|
1|.........|
2|.........|
3|.........|
4|.........|
5|.........|
6|.........|
7|.........|
8|.........|
9|.........|
-|---------|
Set/delete mines marks (x and y coordinates):
>4 2 free
 |123456789|
-|---------|
1|/////////|
2|//////111|
3|111///1..|
4|..1///111|
5|111//////|
6|/////////|
7|/////111/|
8|/////1.21|
9|/////1...|
-|---------|
Set/delete mines marks (x and y coordinates):
>7 8 free
 |123456789|
-|---------|
1|/////////|
2|//////111|
3|111///1X.|
4|.X1///111|
5|111//////|
6|/////////|
7|/////111/|
8|/////1X21|
9|/////1..X|
-|---------|
You stepped on a mine and failed!
?[1;31m
Start test 66?[0m
How many mines do you want on the field?
>4
 |123456789|
-|---------|
1|.........|
2|.........|
3|.........|
4|.........|
5|.........|
6|.........|
7|.........|
8|.........|
9|.........|
-|---------|
Set/delete mines marks (x and y coordinates):
>4 6 free
 |123456789|
-|---------|
1|.1////1..|
2|.1///12..|
3|11///2.31|
4|/////2.2/|
5|/////111/|
6|/////////|
7|/////////|
8|/////////|
9|/////////|
-|---------|
Set/delete mines marks (x and y coordinates):
>7 4 mine
 |123456789|
-|---------|
1|.1////1..|
2|.1///12..|
3|11///2.31|
4|/////2*2/|
5|/////111/|
6|/////////|
7|/////////|
8|/////////|
9|/////////|
-|---------|
Set/delete mines marks (x and y coordinates):
>8 2 free
 |123456789|
-|---------|
1|.1////1..|
2|X1///12X.|
3|11///2X31|
4|/////2X2/|
5|/////111/|
6|/////////|
7|/////////|
8|/////////|
9|/////////|
-|---------|
You stepped on a mine and failed!
?[1;31m
Start test 67?[0m
How many mines do you want on the field?
>4
 |123456789|
-|---------|
1|.........|
2|.........|
3|.........|
4|.........|
5|.........|
6|.........|
7|.........|
8|.........|
9|.........|
-|---------|
Set/delete mines marks (x and y coordinates):
>1 4 free
 |123456789|
-|---------|
1|/////////|
2|/////////|
3|///////11|
4|//////12.|
5|///1111..|
6|///1.1111|
7|///111///|
8|11///////|
9|.1///////|
-|---------|
Set/delete mines marks (x and y coordinates):
>8 5 free
 |123456789|
-|---------|
1|/////////|
2|/////////|
3|///////11|
4|//////12X|
5|///1111X.|
6|///1X1111|
7|///111///|
8|11///////|
9|X1///////|
-|---------|
You stepped on a mine and failed!
?[1;31m
Start test 68?[0m
How many mines do you want on the field?
>4
 |123456789|
-|---------|
1|.........|
2|.........|
3|.........|
4|.........|
5|.........|
6|.........|
7|.........|
8|.........|
9|.........|
-|---------|
Set/delete mines marks (x and y coordinates):
>3 3 free
 |123456789|
-|---------|
1|......1//|
2|.2.2.21//|
3|1212.1///|
4|///111///|
5|/////////|
6|/////////|
7|/////////|
8|/////////|
9|/////////|
-|---------|
Set/delete mines marks (x and y coordinates):
>3 2 free
 |123456789|
-|---------|
1|.....X1//|
2|X2X2.21//|
3|1212X1///|
4|///111///|
5|/////////|
6|/////////|
7|/////////|
8|/////////|
9|/////////|
-|---------|
You stepped on a mine and failed!
?[1;31m
Start test 69?[0m
How many mines do you want on the field?
>4
 |123456789|
-|---------|
1|.........|
2|.........|
3|.........|
4|.........|
5|.........|
6|.........|
7|.........|
8|.........|
9|.........|
-|---------|
Set/delete mines marks (x and y coordinates):
>9 3 free
 |123456789|
-|---------|
1|/////////|
2|/111/////|
3|/1.1/////|
4|/111///11|
5|///////1.|
6|11/////1.|
7|.1////11.|
8|11////1..|
9|//////1..|
-|---------|
Set/delete mines marks (x and y coordinates):
>9 8 mine
 |123456789|
-|---------|
1|/////////|
2|/111/////|
3|/1.1/////|
4|/111///11|
5|///////1.|
6|11/////1.|
7|.1////11.|
8|11////1.*|
9|//////1..|
-|---------|
Set/delete mines marks (x and y coordinates):
>9 8 mine
 |123456789|
-|---------|
1|/////////|
2|/111/////|
3|/1.1/////|
4|/111///11|
5|///////1.|
6|11/////1.|
7|.1////11.|
8|11////1..|
9|//////1..|
-|---------|
Set/delete mines marks (x and y coordinates):
>9 9 free
 |123456789|
-|---------|
1|/////////|
2|/111/////|
3|/1.1/////|
4|/111///11|
5|///////1.|
6|11/////1.|
7|.1////11.|
8|11////1.1|
9|//////111|
-|---------|
Set/delete mines marks (x and y coordinates):
>8 8 free
 |123456789|
-|---------|
1|/////////|
2|/111/////|
3|/1X1/////|
4|/111///11|
5|///////1X|
6|11/////1.|
7|X1////11.|
8|11////1X1|
9|//////111|
-|---------|
You stepped on a mine and failed!
?[1;31m
Start test 70?[0m
How many mines do you want on the field?
>4
 |123456789|
-|---------|
1|.........|
2|.........|
3|.........|
4|.........|
5|.........|
6|.........|
7|.........|
8|.........|
9|.........|
-|---------|
Set/delete mines marks (x and y coordinates):
>4 1 free
 |123456789|
-|---------|
1|..1//////|
2|111//////|
3|/////////|
4|///////11|
5|///////1.|
6|///////11|
7|////111//|
8|////1.211|
9|////1....|
-|---------|
Set/delete mines marks (x and y coordinates):
>2 1 free
 |123456789|
-|---------|
1|.X1//////|
2|111//////|
3|/////////|
4|///////11|
5|///////1X|
6|///////11|
7|////111//|
8|////1X211|
9|////1..X.|
-|---------|
You stepped on a mine and failed!
?[1;31m
Start test 71?[0m
How many mines do you want on the field?
>4
 |123456789|
-|---------|
1|.........|
2|.........|
3|.........|
4|.........|
5|.........|
6|.........|
7|.........|
8|.........|
9|.........|
-|---------|
Set/delete mines marks (x and y coordinates):
>5 4 free
 |123456789|
-|---------|
1|/1.1/////|
2|/111/////|
3|/////////|
4|/////////|
5|/////////|
6|////111//|
7|////1.111|
8|////2....|
9|////1....|
-|---------|
Set/delete mines marks (x and y coordinates):
>8 9 free
 |123456789|
-|---------|
1|/1.1/////|
2|/111/////|
3|/////////|
4|/////////|
5|/////////|
6|////111//|
7|////1.111|
8|////2.21.|
9|////1.111|
-|---------|
Set/delete mines marks (x and y coordinates):
>6 7 mine
 |123456789|
-|---------|
1|/1.1/////|
2|/111/////|
3|/////////|
4|/////////|
5|/////////|
6|////111//|
7|////1*111|
8|////2.21.|
9|////1.111|
-|---------|
Set/delete mines marks (x and y coordinates):
>6 9 free
 |123456789|
-|---------|
1|/1X1/////|
2|/111/////|
3|/////////|
4|/////////|
5|/////////|
6|////111//|
7|////1X111|
8|////2.21X|
9|////1X111|
-|---------|
You stepped on a mine and failed!
?[1;31m
Start test 72?[0m
How many mines do you want on the field?
>4
 |123456789|
-|---------|
1|.........|
2|.........|
3|.........|
4|.........|
5|.........|
6|.........|
7|.........|
8|.........|
9|.........|
-|---------|
Set/delete mines marks (x and y coordinates):
>8 7 free
 |123456789|
-|---------|
1|.......1/|
2|.......1/|
3|......21/|
4|......1//|
5|...1111//|
6|12.1/////|
7|/111/////|
8|/////////|
9|/////////|
-|---------|
Set/delete mines marks (x and y coordinates):
>3 4 free
 |123456789|
-|---------|
1|/////1.1/|
2|/////1.1/|
3|////1221/|
4|111/1.1//|
5|..21111//|
6|12.1/////|
7|/111/////|
8|/////////|
9|/////////|
-|---------|
Set/delete mines marks (x and y coordinates):
>3 6 free
 |123456789|
-|---------|
1|/////1.1/|
2|/////1X1/|
3|////1221/|
4|111/1X1//|
5|.X21111//|
6|12X1/////|
7|/111/////|
8|/////////|
9|/////////|
-|---------|
You stepped on a mine and failed!
?[1;31m
Start test 73?[0m
How many mines do you want on the field?
>4
 |123456789|
-|---------|
1|.........|
2|.........|
3|.........|
4|.........|
5|.........|
6|.........|
7|.........|
8|.........|
9|.........|
-|---------|
Set/delete mines marks (x and y coordinates):
>1 1 free
 |123456789|
-|---------|
1|1........|
2|11.......|
3|.........|
4|.........|
5|.........|
6|.........|
7|.........|
8|.........|
9|.........|
-|---------|
Set/delete mines marks (x and y coordinates):
>5 2 mine
 |123456789|
-|---------|
1|1........|
2|11..*....|
3|.........|
4|.........|
5|.........|
6|.........|
7|.........|
8|.........|
9|.........|
-|---------|
Set/delete mines marks (x and y coordinates):
>4 6 mine
 |123456789|
-|---------|
1|1........|
2|11..*....|
3|.........|
4|.........|
5|.........|
6|...*.....|
7|.........|
8|.........|
9|.........|
-|---------|
Set/delete mines marks (x and y coordinates):
>7 6 free
 |123456789|
-|---------|
1|1.1//////|
2|111//////|
3|/////111/|
4|/////1.1/|
5|///11211/|
6|///1.21//|
7|///12.1//|
8|////111//|
9|/////////|
-|---------|
Set/delete mines marks (x and y coordinates):
>5 6 mine
 |123456789|
-|---------|
1|1.1//////|
2|111//////|
3|/////111/|
4|/////1.1/|
5|///11211/|
6|///1*21//|
7|///12.1//|
8|////111//|
9|/////////|
-|---------|
Set/delete mines marks (x and y coordinates):
>5 6 mine
 |123456789|
-|---------|
1|1.1//////|
2|111//////|
3|/////111/|
4|/////1.1/|
5|///11211/|
6|///1.21//|
7|///12.1//|
8|////111//|
9|/////////|
-|---------|
Set/delete mines marks (x and y coordinates):
>5 6 mine
 |123456789|
-|---------|
1|1.1//////|
2|111//////|
3|/////111/|
4|/////1.1/|
5|///11211/|
6|///1*21//|
7|///12.1//|
8|////111//|
9|/////////|
-|---------|
Set/delete mines marks (x and y coordinates):
>6 7 mine
 |123456789|
-|---------|
1|1.1//////|
2|111//////|
3|/////111/|
4|/////1.1/|
5|///11211/|
6|///1*21//|
7|///12*1//|
8|////111//|
9|/////////|
-|---------|
Set/delete mines marks (x and y coordinates):
>2 1 free
 |123456789|
-|---------|
1|1X1//////|
2|111//////|
3|/////111/|
4|/////1X1/|
5|///11211/|
6|///1X21//|
7|///12X1//|
8|////111//|
9|/////////|
-|---------|
You stepped on a mine and failed!
?[1;31m
Start test 74?[0m
How many mines do you want on the field?
>4
 |123456789|
-|---------|
1|.........|
2|.........|
3|.........|
4|.........|
5|.........|
6|.........|
7|.........|
8|.........|
9|.........|
-|---------|
Set/delete mines marks (x and y coordinates):
>9 6 free
 |123456789|
-|---------|
1|//////1..|
2|//////1..|
3|//////111|
4|/////////|
5|//111////|
6|//2.2////|
7|//2.31///|
8|//12.1///|
9|///1.1///|
-|---------|
Set/delete mines marks (x and y coordinates):
>5 9 free
 |123456789|
-|---------|
1|//////1..|
2|//////1..|
3|//////111|
4|/////////|
5|//111////|
6|//2.2////|
7|//2.31///|
8|//12.1///|
9|///111///|
-|---------|
Set/delete mines marks (x and y coordinates):
>9 2 mine
 |123456789|
-|---------|
1|//////1..|
2|//////1.*|
3|//////111|
4|/////////|
5|//111////|
6|//2.2////|
7|//2.31///|
8|//12.1///|
9|///111///|
-|---------|
Set/delete mines marks (x and y coordinates):
>4 6 free
 |123456789|
-|---------|
1|//////1..|
2|//////1X*|
3|//////111|
4|/////////|
5|//111////|
6|//2X2////|
7|//2X31///|
8|//12X1///|
9|///111///|
-|---------|
You stepped on a mine and failed!
?[1;31m
Start test 75?[0m
How many mines do you want on the field?
>4
 |123456789|
-|---------|
1|.........|
2|.........|
3|.........|
4|.........|
5|.........|
6|.........|
7|.........|
8|.........|
9|.........|
-|---------|
Set/delete mines marks (x and y coordinates):
>8 2 mine
 |123456789|
-|---------|
1|.........|
2|.......*.|
3|.........|
4|.........|
5|.........|
6|.........|
7|.........|
8|.........|
9|.........|
-|---------|
Set/delete mines marks (x and y coordinates):
>4 7 free
 |123456789|
-|---------|
1|.........|
2|.......*.|
3|.........|
4|.........|
5|.........|
6|..1.1....|
7|..222....|
8|..1.1....|
9|.........|
-|---------|
Set/delete mines marks (x and y coordinates):
>4 6 free
 |123456789|
-|---------|
1|.........|
2|....X..*.|
3|.........|
4|.......X.|
5|.........|
6|..1X1....|
7|..222....|
8|..1X1....|
9|.........|
-|---------|
You stepped on a mine and failed!
?[1;31m
Start test 76?[0m
How many mines do you want on the field?
>4
 |123456789|
-|---------|
1|.........|
2|.........|
3|.........|
4|.........|
5|.........|
6|.........|
7|.........|
8|.........|
9|.........|
-|---------|
Set/delete mines marks (x and y coordinates):
>5 8 mine
 |123456789|
-|---------|
1|.........|
2|.........|
3|.........|
4|.........|
5|.........|
6|.........|
7|.........|
8|....*....|
9|.........|
-|---------|
Set/delete mines marks (x and y coordinates):
>5 7 mine
 |123456789|
-|---------|
1|.........|
2|.........|
3|.........|
4|.........|
5|.........|
6|.........|
7|....*....|
8|....*....|
9|.........|
-|---------|
Set/delete mines marks (x and y coordinates):
>5 9 free
 |123456789|
-|---------|
1|..1//////|
2|..1//////|
3|111//////|
4|/////////|
5|111/111//|
6|..212.1//|
7|112.211//|
8|//111////|
9|/////////|
-|---------|
Set/delete mines marks (x and y coordinates):
>1 1 free
 |123456789|
-|---------|
1|111//////|
2|1.1//////|
3|111//////|
4|/////////|
5|111/111//|
6|..212.1//|
7|112.211//|
8|//111////|
9|/////////|
-|---------|
Set/delete mines marks (x and y coordinates):
>6 6 free
 |123456789|
-|---------|
1|111//////|
2|1X1//////|
3|111//////|
4|/////////|
5|111/111//|
6|.X212X1//|
7|112X211//|
8|//111////|
9|/////////|
-|---------|
You stepped on a mine and failed!
?[1;31m
Start test 77?[0m
How many mines do you want on the field?
>4
 |123456789|
-|---------|
1|.........|
2|.........|
3|.........|
4|.........|
5|.........|
6|.........|
7|.........|
8|.........|
9|.........|
-|---------|
Set/delete mines marks (x and y coordinates):
>8 6 mine
 |123456789|
-|---------|
1|.........|
2|.........|
3|.........|
4|.........|
5|.........|
6|.......*.|
7|.........|
8|.........|
9|.........|
-|---------|
Set/delete mines marks (x and y coordinates):
>3 8 mine
 |123456789|
-|---------|
1|.........|
2|.........|
3|.........|
4|.........|
5|.........|
6|.......*.|
7|.........|
8|..*......|
9|.........|
-|---------|
Set/delete mines marks (x and y coordinates):
>2 6 free
 |123456789|
-|---------|
1|..1//////|
2|..1//////|
3|111//////|
4|/////////|
5|11//111//|
6|.1//1.211|
7|11//112..|
8|//////111|
9|/////////|
-|---------|
Set/delete mines marks (x and y coordinates):
>8 7 mine
 |123456789|
-|---------|
1|..1//////|
2|..1//////|
[...]
>1 7 free
 |123456789|
-|---------|
1|.........|
2|.........|
3|.........|
4|...311...|
5|....22...|
6|2..22....|
7|24*......|
8|.4.......|
9|.........|
-|---------|
Set/delete mines marks (x and y coordinates):
>3 7 mine
 |123456789|
-|---------|
1|.........|
2|.........|
3|.........|
4|...311...|
5|....22...|
6|2..22....|
7|24.......|
8|.4.......|
9|.........|
-|---------|
Set/delete mines marks (x and y coordinates):
>8 6 mine
 |123456789|
-|---------|
1|.........|
2|.........|
3|.........|
4|...311...|
5|....22...|
6|2..22..*.|
7|24.......|
8|.4.......|
9|.........|
-|---------|
Set/delete mines marks (x and y coordinates):
>8 6 mine
 |123456789|
-|---------|
1|.........|
2|.........|
3|.........|
4|...311...|
5|....22...|
6|2..22....|
7|24.......|
8|.4.......|
9|.........|
-|---------|
Set/delete mines marks (x and y coordinates):
>9 7 free
 |123456789|
-|---------|
1|.........|
2|.........|
3|.........|
4|...311...|
5|....22...|
6|2..22..3.|
7|24......3|
8|.4......2|
9|.........|
-|---------|
Set/delete mines marks (x and y coordinates):
>4 9 free
 |123456789|
-|---------|
1|.........|
2|.........|
3|.........|
4|...311...|
5|....22...|
6|2..22..3.|
7|24......3|
8|.4.11...2|
9|..211....|
-|---------|
Set/delete mines marks (x and y coordinates):
>2 3 free
 |123456789|
-|---------|
1|......X..|
2|..X..X.X.|
3|.XX......|
4|X.X311X.X|
5|X..X22...|
6|2XX22X.3X|
7|24....XX3|
8|X4X11XXX2|
9|XX211....|
-|---------|
You stepped on a mine and failed!
?[1;31m
Start test 98?[0m
How many mines do you want on the field?
>25
 |123456789|
-|---------|
1|.........|
2|.........|
3|.........|
4|.........|
5|.........|
6|.........|
7|.........|
8|.........|
9|.........|
-|---------|
Set/delete mines marks (x and y coordinates):
>9 3 free
 |123456789|
-|---------|
1|.........|
2|........1|
3|.......32|
4|.......1.|
5|.........|
6|.........|
7|.........|
8|.........|
9|.........|
-|---------|
Set/delete mines marks (x and y coordinates):
>6 3 free
 |123456789|
-|---------|
1|X..X..X..|
2|XXX..XXX1|
3|..X.XX.32|
4|.....X.1X|
5|.XX......|
6|..X......|
7|.......XX|
8|.XXX.....|
9|XX.X.....|
-|---------|
You stepped on a mine and failed!
?[1;31m
Start test 99?[0m
How many mines do you want on the field?
>30
 |123456789|
-|---------|
1|.........|
2|.........|
3|.........|
4|.........|
5|.........|
6|.........|
7|.........|
8|.........|
9|.........|
-|---------|
Set/delete mines marks (x and y coordinates):
>1 1 free
 |123456789|
-|---------|
1|3........|
2|.........|
3|.........|
4|.........|
5|.........|
6|.........|
7|.........|
8|.........|
9|.........|
-|---------|
Set/delete mines marks (x and y coordinates):
>1 4 free
 |123456789|
-|---------|
1|3........|
2|.........|
3|3........|
4|23.......|
5|.3.......|
6|.........|
7|.........|
8|.........|
9|.........|
-|---------|
Set/delete mines marks (x and y coordinates):
>6 9 free
 |123456789|
-|---------|
1|3........|
2|.........|
3|3........|
4|23.......|
5|.3.......|
6|.........|
7|.........|
8|....112..|
9|.....11..|
-|---------|
Set/delete mines marks (x and y coordinates):
>4 9 free
 |123456789|
-|---------|
1|3........|
2|.........|
3|3........|
4|23.......|
5|.3.......|
6|.........|
7|.........|
8|..32112..|
9|..11.11..|
-|---------|
Set/delete mines marks (x and y coordinates):
>9 8 free
 |123456789|
-|---------|
1|3........|
2|.........|
3|3........|
4|23.......|
5|.3.......|
6|.........|
7|........2|
8|..3211222|
9|..11.11.1|
-|---------|
Set/delete mines marks (x and y coordinates):
>3 1 mine
 |123456789|
-|---------|
1|3.*......|
2|.........|
3|3........|
4|23.......|
5|.3.......|
6|.........|
7|........2|
8|..3211222|
9|..11.11.1|
-|---------|
Set/delete mines marks (x and y coordinates):
>3 2 mine
 |123456789|
-|---------|
1|3.*......|
2|..*......|
3|3........|
4|23.......|
5|.3.......|
6|.........|
7|........2|
8|..3211222|
9|..11.11.1|
-|---------|
Set/delete mines marks (x and y coordinates):
>2 6 free
 |123456789|
-|---------|
1|3.*......|
2|..*......|
3|3........|
4|23.......|
5|.32......|
6|.5.......|
7|3.......2|
8|..3211222|
9|..11.11.1|
-|---------|
Set/delete mines marks (x and y coordinates):
>5 9 free
 |123456789|
-|---------|
1|3X*X..XX.|
2|XX*X.XX..|
3|3XX.X..X.|
4|23...X.XX|
5|X32X..XX.|
6|X5X..X.X.|
7|3XX....X2|
8|.X3211222|
9|..11X11X1|
-|---------|
You stepped on a mine and failed!
?[1;31m
Start test 100?[0m
How many mines do you want on the field?
>30
 |123456789|
-|---------|
1|.........|
2|.........|
3|.........|
4|.........|
5|.........|
6|.........|
7|.........|
8|.........|
9|.........|
-|---------|
Set/delete mines marks (x and y coordinates):
>5 9 free
 |123456789|
-|---------|
1|.........|
2|.........|
3|.........|
4|.........|
5|.........|
6|.........|
7|.........|
8|....32...|
9|....3....|
-|---------|
Set/delete mines marks (x and y coordinates):
>4 6 free
 |123456789|
-|---------|
1|.........|
2|.........|
3|.........|
4|.........|
5|..2......|
6|..33.....|
7|..432....|
8|....32...|
9|....3....|
-|---------|
Set/delete mines marks (x and y coordinates):
>8 5 free
 |123456789|
-|---------|
1|..XX...XX|
2|....XX..X|
3|.X...X..X|
4|........X|
5|X.2XX.XX.|
6|.X33X.XX.|
7|.X432....|
8|X.XX32.X.|
9|X..X3XX.X|
-|---------|
You stepped on a mine and failed!
?[1;31m
Start test 101?[0m
How many mines do you want on the field?
>35
 |123456789|
-|---------|
1|.........|
2|.........|
3|.........|
4|.........|
5|.........|
6|.........|
7|.........|
8|.........|
9|.........|
-|---------|
Set/delete mines marks (x and y coordinates):
>2 6 mine
 |123456789|
-|---------|
1|.........|
2|.........|
3|.........|
4|.........|
5|.........|
6|.*.......|
7|.........|
8|.........|
9|.........|
-|---------|
Set/delete mines marks (x and y coordinates):
>2 6 mine
 |123456789|
-|---------|
1|.........|
2|.........|
3|.........|
4|.........|
5|.........|
6|.........|
7|.........|
8|.........|
9|.........|
-|---------|
Set/delete mines marks (x and y coordinates):
>1 4 free
 |123456789|
-|---------|
1|.........|
2|.........|
3|.3.......|
4|3........|
5|.5.......|
6|.........|
7|.........|
8|.........|
9|.........|
-|---------|
Set/delete mines marks (x and y coordinates):
>9 7 mine
 |123456789|
-|---------|
1|.........|
2|.........|
3|.3.......|
4|3........|
5|.5.......|
6|.........|
7|........*|
8|.........|
9|.........|
-|---------|
Set/delete mines marks (x and y coordinates):
>1 5 free
 |123456789|
-|---------|
1|XX.....X.|
2|......XXX|
3|X3X...X..|
4|3X.XX..XX|
5|X5XX..X.X|
6|.XXX..XX.|
7|..XX.X..*|
8|X..X....X|
9|.XXXX..X.|
-|---------|
You stepped on a mine and failed!
?[1;31m
Start test 102?[0m
How many mines do you want on the field?
>35
 |123456789|
-|---------|
1|.........|
2|.........|
3|.........|
4|.........|
5|.........|
6|.........|
7|.........|
8|.........|
9|.........|
-|---------|
Set/delete mines marks (x and y coordinates):
>3 9 free
 |123456789|
-|---------|
1|.........|
2|.........|
3|.........|
4|.........|
5|.........|
6|.........|
7|.........|
8|.3.......|
9|.122.....|
-|---------|
Set/delete mines marks (x and y coordinates):
>8 1 free
 |123456789|
-|---------|
1|.XX.XX.XX|
2|XXX...XXX|
3|X......X.|
4|..XX.XX.X|
5|XXX...XX.|
6|...XXX...|
7|X.X...XX.|
8|.3XX..XX.|
9|.122.....|
-|---------|
You stepped on a mine and failed!
?[1;31m
Start test 103?[0m
How many mines do you want on the field?
>40
 |123456789|
-|---------|
1|.........|
2|.........|
3|.........|
4|.........|
5|.........|
6|.........|
7|.........|
8|.........|
9|.........|
-|---------|
Set/delete mines marks (x and y coordinates):
>6 7 free
 |123456789|
-|---------|
1|.........|
2|.........|
3|.........|
4|.........|
5|.........|
6|.....33..|
7|....55...|
8|.........|
9|.........|
-|---------|
Set/delete mines marks (x and y coordinates):
>2 3 free
 |123456789|
-|---------|
1|/1.......|
2|/14......|
3|114......|
4|2.6......|
5|.........|
6|.....33..|
7|....55...|
8|.........|
9|.........|
-|---------|
Set/delete mines marks (x and y coordinates):
>8 9 free
 |123456789|
-|---------|
1|/1XXX.X.X|
2|/14X.X.XX|
3|114XX.XX.|
4|2X6XX....|
5|.XXXX...X|
6|...XX33XX|
7|X...55XX.|
8|XXXXXXXXX|
9|X...X..X.|
-|---------|
You stepped on a mine and failed!
?[1;31m
Start test 104?[0m
How many mines do you want on the field?
>40
 |123456789|
-|---------|
1|.........|
2|.........|
3|.........|
4|.........|
5|.........|
6|.........|
7|.........|
8|.........|
9|.........|
-|---------|
Set/delete mines marks (x and y coordinates):
>7 3 free
 |123456789|
-|---------|
1|.........|
2|.....43..|
3|......43.|
4|......4..|
5|.........|
6|.........|
7|.........|
8|.........|
9|.........|
-|---------|
Set/delete mines marks (x and y coordinates):
>5 6 free
 |123456789|
-|---------|
1|X...X.X..|
2|..X.X43X.|
3|.X...X43.|
4|.XXX.X4XX|
5|..XX..X.X|
6|X.X.X.XX.|
7|X..XXXX..|
8|..XX..XXX|
9|XXXXXX.X.|
-|---------|
You stepped on a mine and failed!
?[1;31m
Start test 105?[0m
How many mines do you want on the field?
>45
 |123456789|
-|---------|
1|.........|
2|.........|
3|.........|
4|.........|
5|.........|
6|.........|
7|.........|
8|.........|
9|.........|
-|---------|
Set/delete mines marks (x and y coordinates):
>5 8 mine
 |123456789|
-|---------|
1|.........|
2|.........|
3|.........|
4|.........|
5|.........|
6|.........|
7|.........|
8|....*....|
9|.........|
-|---------|
Set/delete mines marks (x and y coordinates):
>5 8 mine
 |123456789|
-|---------|
1|.........|
2|.........|
3|.........|
4|.........|
5|.........|
6|.........|
7|.........|
8|.........|
9|.........|
-|---------|
Set/delete mines marks (x and y coordinates):
>5 9 free
 |123456789|
-|---------|
1|.........|
2|.........|
3|.........|
4|.........|
5|.........|
6|.........|
7|.........|
8|...32....|
9|...22....|
-|---------|
Set/delete mines marks (x and y coordinates):
>7 5 free
 |123456789|
-|---------|
1|.........|
2|.........|
3|.........|
4|.........|
5|.....66..|
6|.....4...|
7|.........|
8|...32....|
9|...22....|
-|---------|
Set/delete mines marks (x and y coordinates):
>6 9 free
 |123456789|
-|---------|
1|.X..X..X.|
2|XX.XX.XX.|
3|..XX.XX.X|
4|.XXXXXXX.|
5|X.XXX66XX|
6|.XXXX4XX.|
7|..X...X.X|
8|X.X32X.X.|
9|..X22XXXX|
-|---------|
You stepped on a mine and failed!
?[1;31m
Start test 106?[0m
How many mines do you want on the field?
>45
 |123456789|
-|---------|
1|.........|
2|.........|
3|.........|
4|.........|
5|.........|
6|.........|
7|.........|
8|.........|
9|.........|
-|---------|
Set/delete mines marks (x and y coordinates):
>2 1 free
 |123456789|
-|---------|
1|/11......|
2|/1.......|
3|13.......|
4|.........|
5|.........|
6|.........|
7|.........|
8|.........|
9|.........|
-|---------|
Set/delete mines marks (x and y coordinates):
>5 2 free
 |123456789|
-|---------|
1|/112.....|
2|/1.334...|
3|13.3.4...|
4|.........|
5|.........|
6|.........|
7|.........|
8|.........|
9|.........|
-|---------|
Set/delete mines marks (x and y coordinates):
>9 2 free
 |123456789|
-|---------|
1|/112...11|
2|/1.334..2|
3|13.3.4..4|
4|.........|
5|.........|
6|.........|
7|.........|
8|.........|
9|.........|
-|---------|
Set/delete mines marks (x and y coordinates):
>8 8 mine
 |123456789|
-|---------|
1|/112...11|
2|/1.334..2|
3|13.3.4..4|
4|.........|
5|.........|
6|.........|
7|.........|
8|.......*.|
9|.........|
-|---------|
Set/delete mines marks (x and y coordinates):
>2 4 mine
 |123456789|
-|---------|
1|/112...11|
2|/1.334..2|
3|13.3.4..4|
4|.*.......|
5|.........|
6|.........|
7|.........|
8|.......*.|
9|.........|
-|---------|
Set/delete mines marks (x and y coordinates):
>9 9 free
 |123456789|
-|---------|
1|/112...11|
2|/1.334..2|
3|13.3.4..4|
4|.*.......|
5|.........|
6|.........|
7|.........|
8|.......*.|
9|.......32|
-|---------|
Set/delete mines marks (x and y coordinates):
>8 7 free
 |123456789|
-|---------|
1|/112...11|
2|/1.334..2|
3|13.3.4..4|
4|.*.......|
5|.........|
6|.........|
7|......67.|
8|.......*.|
9|.......32|
-|---------|
Set/delete mines marks (x and y coordinates):
>5 8 mine
 |123456789|
-|---------|
1|/112...11|
2|/1.334..2|
3|13.3.4..4|
4|.*.......|
5|.........|
6|.........|
7|......67.|
8|....*..*.|
9|.......32|
-|---------|
Set/delete mines marks (x and y coordinates):
>7 4 mine
 |123456789|
-|---------|
1|/112...11|
2|/1.334..2|
3|13.3.4..4|
4|.*....*..|
5|.........|
6|.........|
7|......67.|
8|....*..*.|
9|.......32|
-|---------|
Set/delete mines marks (x and y coordinates):
>3 7 free
 |123456789|
-|---------|
1|/112XX.11|
2|/1X334.X2|
3|13.3X4XX4|
4|.XX..XXXX|
5|XXX..XXX.|
6|XXXX.XXXX|
7|X.XXXX67X|
8|XXXX*.XXX|
9|X.XXXX.32|
-|---------|
You stepped on a mine and failed!
?[1;31m
Start test 107?[0m
How many mines do you want on the field?
>50
 |123456789|
-|---------|
1|.........|
2|.........|
3|.........|
4|.........|
5|.........|
6|.........|
7|.........|
8|.........|
9|.........|
-|---------|
Set/delete mines marks (x and y coordinates):
>6 1 free
 |123456789|
-|---------|
1|.....43..|
2|.........|
3|.........|
4|.........|
5|.........|
6|.........|
7|.........|
8|.........|
9|.........|
-|---------|
Set/delete mines marks (x and y coordinates):
>1 5 free
 |123456789|
-|---------|
1|XXXXX43..|
2|...XXXXXX|
3|...X.XX.X|
4|X..X.XXXX|
5|XX.X..XXX|
6|X..XXXXXX|
7|XXX.....X|
8|XXXXX..X.|
9|XXX...XXX|
-|---------|
You stepped on a mine and failed!
?[1;31m
Start test 108?[0m
How many mines do you want on the field?
>50
 |123456789|
-|---------|
1|.........|
2|.........|
3|.........|
4|.........|
5|.........|
6|.........|
7|.........|
8|.........|
9|.........|
-|---------|
Set/delete mines marks (x and y coordinates):
>3 2 mine
 |123456789|
-|---------|
1|.........|
2|..*......|
3|.........|
4|.........|
5|.........|
6|.........|
7|.........|
8|.........|
9|.........|
-|---------|
Set/delete mines marks (x and y coordinates):
>3 2 mine
 |123456789|
-|---------|
1|.........|
2|.........|
3|.........|
4|.........|
5|.........|
6|.........|
7|.........|
8|.........|
9|.........|
-|---------|
Set/delete mines marks (x and y coordinates):
>3 2 free
 |123456789|
-|---------|
1|...2.....|
2|..6......|
3|...4.....|
4|.........|
5|.........|
6|.........|
7|.........|
8|.........|
9|.........|
-|---------|
Set/delete mines marks (x and y coordinates):
>6 7 free
 |123456789|
-|---------|
1|XXX2.X.X.|
2|.X6X..X..|
3|XXX4XXX.X|
4|XX.X..X.X|
5|X..XXXXX.|
6|X.XXXX.XX|
7|X.XXXX.XX|
8|.XXXX.X.X|
9|..X..XX.X|
-|---------|
You stepped on a mine and failed!
?[1;31m
Start test 109?[0m
How many mines do you want on the field?
>55
 |123456789|
-|---------|
1|.........|
2|.........|
3|.........|
4|.........|
5|.........|
6|.........|
7|.........|
8|.........|
9|.........|
-|---------|
Set/delete mines marks (x and y coordinates):
>4 9 mine
 |123456789|
-|---------|
1|.........|
2|.........|
3|.........|
4|.........|
5|.........|
6|.........|
7|.........|
8|.........|
9|...*.....|
-|---------|
Set/delete mines marks (x and y coordinates):
>4 9 mine
 |123456789|
-|---------|
1|.........|
2|.........|
3|.........|
4|.........|
5|.........|
6|.........|
7|.........|
8|.........|
9|.........|
-|---------|
Set/delete mines marks (x and y coordinates):
>2 1 free
 |123456789|
-|---------|
1|13.......|
2|2........|
3|.........|
4|.........|
5|.........|
6|.........|
7|.........|
8|.........|
9|.........|
-|---------|
Set/delete mines marks (x and y coordinates):
>3 8 free
 |123456789|
-|---------|
1|13X.X.X.X|
2|2XXXXX.XX|
3|X.XX..XXX|
4|XXXXX.XXX|
5|X....X.X.|
6|.XX.X.XX.|
7|..XXXXX.X|
8|XXXX.XX.X|
9|XXXXXXXXX|
-|---------|
You stepped on a mine and failed!
?[1;31m
Start test 110?[0m
How many mines do you want on the field?
>55
 |123456789|
-|---------|
1|.........|
2|.........|
3|.........|
4|.........|
5|.........|
6|.........|
7|.........|
8|.........|
9|.........|
-|---------|
Set/delete mines marks (x and y coordinates):
>8 4 free
 |123456789|
-|---------|
1|.........|
2|.........|
3|.......42|
4|.......4.|
5|......46.|
6|.........|
7|.........|
8|.........|
9|.........|
-|---------|
Set/delete mines marks (x and y coordinates):
>9 4 free
 |123456789|
-|---------|
1|X.XX.XXXX|
2|.XXXXX..X|
3|.X.XXXX42|
4|.XXX.XX4X|
5|X.XX..46X|
6|XXXXX.XXX|
7|.XXXX.X.X|
8|XX..XXXX.|
9|X.XXXX.XX|
-|---------|
You stepped on a mine and failed!
?[1;31m
Start test 111?[0m
How many mines do you want on the field?
>60
 |123456789|
-|---------|
1|.........|
2|.........|
3|.........|
4|.........|
5|.........|
6|.........|
7|.........|
8|.........|
9|.........|
-|---------|
Set/delete mines marks (x and y coordinates):
>2 9 free
 |123456789|
-|---------|
1|.........|
2|.........|
3|.........|
4|.........|
5|.........|
6|.........|
7|.........|
8|4........|
9|.34......|
-|---------|
Set/delete mines marks (x and y coordinates):
>3 3 free
 |123456789|
-|---------|
1|XXXXXXXX.|
2|XXXXXX.X.|
3|X.X.X.XXX|
4|XXXXX.XXX|
5|X..XX...X|
6|XXXXXXXXX|
7|XXX.X..XX|
8|4XXX.XXX.|
9|X34XXX.XX|
-|---------|
You stepped on a mine and failed!
?[1;31m
Start test 112?[0m
How many mines do you want on the field?
>60
 |123456789|
-|---------|
1|.........|
2|.........|
3|.........|
4|.........|
5|.........|
6|.........|
7|.........|
8|.........|
9|.........|
-|---------|
Set/delete mines marks (x and y coordinates):
>2 7 mine
 |123456789|
-|---------|
1|.........|
2|.........|
3|.........|
4|.........|
5|.........|
6|.........|
7|.*.......|
8|.........|
9|.........|
-|---------|
Set/delete mines marks (x and y coordinates):
>8 8 free
 |123456789|
-|---------|
1|.........|
2|.........|
3|.........|
4|.........|
5|.........|
6|.........|
7|.*....432|
8|.......5.|
9|.........|
-|---------|
Set/delete mines marks (x and y coordinates):
>6 6 mine
 |123456789|
-|---------|
1|.........|
2|.........|
3|.........|
4|.........|
5|.........|
6|.....*...|
7|.*....432|
8|.......5.|
9|.........|
-|---------|
Set/delete mines marks (x and y coordinates):
>2 7 mine
 |123456789|
-|---------|
1|.........|
2|.........|
3|.........|
4|.........|
5|.........|
6|.....*...|
7|......432|
8|.......5.|
9|.........|
-|---------|
Set/delete mines marks (x and y coordinates):
>6 6 mine
 |123456789|
-|---------|
1|.........|
2|.........|
3|.........|
4|.........|
5|.........|
6|.........|
7|......432|
8|.......5.|
9|.........|
-|---------|
Set/delete mines marks (x and y coordinates):
>5 5 free
 |123456789|
-|---------|
1|.XXXX.X.X|
2|XX.XXXXXX|
3|.XXXX.XXX|
4|.XXXXXXX.|
5|XXXXXX.X.|
6|XXXX.X..X|
7|XX.XXX432|
8|XX.XXXX5X|
9|..XXXXXXX|
-|---------|
You stepped on a mine and failed!
?[1;31m
Start test 113?[0m
How many mines do you want on the field?
>65
 |123456789|
-|---------|
1|.........|
2|.........|
3|.........|
4|.........|
5|.........|
6|.........|
7|.........|
8|.........|
9|.........|
-|---------|
Set/delete mines marks (x and y coordinates):
>6 2 free
 |123456789|
-|---------|
1|.........|
2|.....5...|
3|....555..|
4|.........|
5|.........|
6|.........|
7|.........|
8|.........|
9|.........|
-|---------|
Set/delete mines marks (x and y coordinates):
>6 1 free
 |123456789|
-|---------|
1|XXXXXXXXX|
2|X.X.X5XXX|
3|XXXX555.X|
4|XXXXXXXXX|
5|XXX.XXXXX|
6|XXXXXXX.X|
7|.XX...XXX|
8|XXXXXXXXX|
9|X.XXX..XX|
-|---------|
You stepped on a mine and failed!
?[1;31m
Start test 114?[0m
How many mines do you want on the field?
>65
 |123456789|
-|---------|
1|.........|
2|.........|
3|.........|
4|.........|
5|.........|
6|.........|
7|.........|
8|.........|
9|.........|
-|---------|
Set/delete mines marks (x and y coordinates):
>7 5 mine
 |123456789|
-|---------|
1|.........|
2|.........|
3|.........|
4|.........|
5|......*..|
6|.........|
7|.........|
8|.........|
9|.........|
-|---------|
Set/delete mines marks (x and y coordinates):
>4 5 free
 |123456789|
-|---------|
1|.........|
2|.........|
3|.........|
4|...5.....|
5|...66.*..|
6|.........|
7|.........|
8|.........|
9|.........|
-|---------|
Set/delete mines marks (x and y coordinates):
>9 9 free
 |123456789|
-|---------|
1|.XXX..XXX|
2|XXXXX.XXX|
3|XXXX..XXX|
4|X.X5XXXXX|
5|X.X66XXXX|
6|XXXXXXXXX|
7|XXX.XXXXX|
8|.X.XXXXXX|
9|XXX..XXXX|
-|---------|
You stepped on a mine and failed!
]]></system-out>
  <system-err><![CDATA[]]></system-err>
</testsuite>
